{"C:\\Users\\Shabeer Ahammed\\Downloads\\govai-project\\govai\\govai-backend\\src\\controllers\\callsController.js": {"path":"C:\\Users\\Shabeer Ahammed\\Downloads\\govai-project\\govai\\govai-backend\\src\\controllers\\callsController.js","statementMap":{"0":{"start":{"line":4,"column":26},"end":{"line":4,"column":41}},"1":{"start":{"line":5,"column":26},"end":{"line":5,"column":58}},"2":{"start":{"line":6,"column":26},"end":{"line":6,"column":64}},"3":{"start":{"line":7,"column":26},"end":{"line":7,"column":54}},"4":{"start":{"line":8,"column":26},"end":{"line":8,"column":57}},"5":{"start":{"line":9,"column":26},"end":{"line":9,"column":52}},"6":{"start":{"line":17,"column":2},"end":{"line":72,"column":3}},"7":{"start":{"line":18,"column":4},"end":{"line":20,"column":5}},"8":{"start":{"line":19,"column":6},"end":{"line":19,"column":96}},"9":{"start":{"line":22,"column":79},"end":{"line":22,"column":87}},"10":{"start":{"line":23,"column":19},"end":{"line":23,"column":27}},"11":{"start":{"line":26,"column":25},"end":{"line":30,"column":5}},"12":{"start":{"line":33,"column":20},"end":{"line":48,"column":6}},"13":{"start":{"line":50,"column":4},"end":{"line":50,"column":60}},"14":{"start":{"line":53,"column":4},"end":{"line":57,"column":5}},"15":{"start":{"line":54,"column":17},"end":{"line":54,"column":34}},"16":{"start":{"line":56,"column":6},"end":{"line":56,"column":55}},"17":{"start":{"line":56,"column":25},"end":{"line":56,"column":53}},"18":{"start":{"line":59,"column":4},"end":{"line":68,"column":38}},"19":{"start":{"line":70,"column":4},"end":{"line":70,"column":58}},"20":{"start":{"line":71,"column":4},"end":{"line":71,"column":56}},"21":{"start":{"line":83,"column":2},"end":{"line":111,"column":3}},"22":{"start":{"line":84,"column":24},"end":{"line":84,"column":32}},"23":{"start":{"line":85,"column":4},"end":{"line":85,"column":76}},"24":{"start":{"line":85,"column":18},"end":{"line":85,"column":76}},"25":{"start":{"line":87,"column":20},"end":{"line":87,"column":54}},"26":{"start":{"line":88,"column":4},"end":{"line":88,"column":81}},"27":{"start":{"line":88,"column":18},"end":{"line":88,"column":81}},"28":{"start":{"line":90,"column":4},"end":{"line":92,"column":5}},"29":{"start":{"line":91,"column":6},"end":{"line":91,"column":76}},"30":{"start":{"line":93,"column":4},"end":{"line":95,"column":5}},"31":{"start":{"line":94,"column":6},"end":{"line":94,"column":105}},"32":{"start":{"line":97,"column":15},"end":{"line":97,"column":32}},"33":{"start":{"line":100,"column":4},"end":{"line":100,"column":68}},"34":{"start":{"line":100,"column":23},"end":{"line":100,"column":66}},"35":{"start":{"line":102,"column":4},"end":{"line":107,"column":29}},"36":{"start":{"line":109,"column":4},"end":{"line":109,"column":67}},"37":{"start":{"line":110,"column":4},"end":{"line":110,"column":69}},"38":{"start":{"line":125,"column":2},"end":{"line":158,"column":3}},"39":{"start":{"line":130,"column":8},"end":{"line":130,"column":17}},"40":{"start":{"line":132,"column":19},"end":{"line":132,"column":21}},"41":{"start":{"line":133,"column":4},"end":{"line":133,"column":62}},"42":{"start":{"line":133,"column":20},"end":{"line":133,"column":62}},"43":{"start":{"line":134,"column":4},"end":{"line":134,"column":68}},"44":{"start":{"line":134,"column":20},"end":{"line":134,"column":68}},"45":{"start":{"line":135,"column":4},"end":{"line":135,"column":64}},"46":{"start":{"line":135,"column":20},"end":{"line":135,"column":64}},"47":{"start":{"line":137,"column":19},"end":{"line":137,"column":80}},"48":{"start":{"line":138,"column":19},"end":{"line":138,"column":53}},"49":{"start":{"line":139,"column":19},"end":{"line":139,"column":55}},"50":{"start":{"line":140,"column":19},"end":{"line":144,"column":38}},"51":{"start":{"line":146,"column":4},"end":{"line":154,"column":45}},"52":{"start":{"line":156,"column":4},"end":{"line":156,"column":60}},"53":{"start":{"line":157,"column":4},"end":{"line":157,"column":66}},"54":{"start":{"line":166,"column":2},"end":{"line":172,"column":3}},"55":{"start":{"line":167,"column":20},"end":{"line":167,"column":73}},"56":{"start":{"line":168,"column":4},"end":{"line":168,"column":91}},"57":{"start":{"line":168,"column":18},"end":{"line":168,"column":91}},"58":{"start":{"line":169,"column":4},"end":{"line":169,"column":45}},"59":{"start":{"line":171,"column":4},"end":{"line":171,"column":66}},"60":{"start":{"line":175,"column":0},"end":{"line":175,"column":71}}},"fnMap":{"0":{"name":"uploadCall","decl":{"start":{"line":16,"column":15},"end":{"line":16,"column":25}},"loc":{"start":{"line":16,"column":36},"end":{"line":73,"column":1}},"line":16},"1":{"name":"(anonymous_1)","decl":{"start":{"line":56,"column":19},"end":{"line":56,"column":20}},"loc":{"start":{"line":56,"column":25},"end":{"line":56,"column":53}},"line":56},"2":{"name":"processCall","decl":{"start":{"line":82,"column":15},"end":{"line":82,"column":26}},"loc":{"start":{"line":82,"column":37},"end":{"line":112,"column":1}},"line":82},"3":{"name":"(anonymous_3)","decl":{"start":{"line":100,"column":17},"end":{"line":100,"column":18}},"loc":{"start":{"line":100,"column":23},"end":{"line":100,"column":66}},"line":100},"4":{"name":"getCallLogs","decl":{"start":{"line":124,"column":15},"end":{"line":124,"column":26}},"loc":{"start":{"line":124,"column":37},"end":{"line":159,"column":1}},"line":124},"5":{"name":"getCallById","decl":{"start":{"line":165,"column":15},"end":{"line":165,"column":26}},"loc":{"start":{"line":165,"column":37},"end":{"line":173,"column":1}},"line":165}},"branchMap":{"0":{"loc":{"start":{"line":18,"column":4},"end":{"line":20,"column":5}},"type":"if","locations":[{"start":{"line":18,"column":4},"end":{"line":20,"column":5}},{"start":{},"end":{}}],"line":18},"1":{"loc":{"start":{"line":22,"column":12},"end":{"line":22,"column":32}},"type":"default-arg","locations":[{"start":{"line":22,"column":23},"end":{"line":22,"column":32}}],"line":22},"2":{"loc":{"start":{"line":22,"column":34},"end":{"line":22,"column":50}},"type":"default-arg","locations":[{"start":{"line":22,"column":48},"end":{"line":22,"column":50}}],"line":22},"3":{"loc":{"start":{"line":22,"column":52},"end":{"line":22,"column":74}},"type":"default-arg","locations":[{"start":{"line":22,"column":67},"end":{"line":22,"column":74}}],"line":22},"4":{"loc":{"start":{"line":53,"column":4},"end":{"line":57,"column":5}},"type":"if","locations":[{"start":{"line":53,"column":4},"end":{"line":57,"column":5}},{"start":{},"end":{}}],"line":53},"5":{"loc":{"start":{"line":65,"column":20},"end":{"line":67,"column":71}},"type":"cond-expr","locations":[{"start":{"line":66,"column":10},"end":{"line":66,"column":65}},{"start":{"line":67,"column":10},"end":{"line":67,"column":71}}],"line":65},"6":{"loc":{"start":{"line":85,"column":4},"end":{"line":85,"column":76}},"type":"if","locations":[{"start":{"line":85,"column":4},"end":{"line":85,"column":76}},{"start":{},"end":{}}],"line":85},"7":{"loc":{"start":{"line":88,"column":4},"end":{"line":88,"column":81}},"type":"if","locations":[{"start":{"line":88,"column":4},"end":{"line":88,"column":81}},{"start":{},"end":{}}],"line":88},"8":{"loc":{"start":{"line":90,"column":4},"end":{"line":92,"column":5}},"type":"if","locations":[{"start":{"line":90,"column":4},"end":{"line":92,"column":5}},{"start":{},"end":{}}],"line":90},"9":{"loc":{"start":{"line":93,"column":4},"end":{"line":95,"column":5}},"type":"if","locations":[{"start":{"line":93,"column":4},"end":{"line":95,"column":5}},{"start":{},"end":{}}],"line":93},"10":{"loc":{"start":{"line":128,"column":6},"end":{"line":128,"column":15}},"type":"default-arg","locations":[{"start":{"line":128,"column":14},"end":{"line":128,"column":15}}],"line":128},"11":{"loc":{"start":{"line":129,"column":6},"end":{"line":129,"column":16}},"type":"default-arg","locations":[{"start":{"line":129,"column":14},"end":{"line":129,"column":16}}],"line":129},"12":{"loc":{"start":{"line":133,"column":4},"end":{"line":133,"column":62}},"type":"if","locations":[{"start":{"line":133,"column":4},"end":{"line":133,"column":62}},{"start":{},"end":{}}],"line":133},"13":{"loc":{"start":{"line":134,"column":4},"end":{"line":134,"column":68}},"type":"if","locations":[{"start":{"line":134,"column":4},"end":{"line":134,"column":68}},{"start":{},"end":{}}],"line":134},"14":{"loc":{"start":{"line":135,"column":4},"end":{"line":135,"column":64}},"type":"if","locations":[{"start":{"line":135,"column":4},"end":{"line":135,"column":64}},{"start":{},"end":{}}],"line":135},"15":{"loc":{"start":{"line":168,"column":4},"end":{"line":168,"column":91}},"type":"if","locations":[{"start":{"line":168,"column":4},"end":{"line":168,"column":91}},{"start":{},"end":{}}],"line":168}},"s":{"0":0,"1":0,"2":0,"3":0,"4":0,"5":0,"6":0,"7":0,"8":0,"9":0,"10":0,"11":0,"12":0,"13":0,"14":0,"15":0,"16":0,"17":0,"18":0,"19":0,"20":0,"21":0,"22":0,"23":0,"24":0,"25":0,"26":0,"27":0,"28":0,"29":0,"30":0,"31":0,"32":0,"33":0,"34":0,"35":0,"36":0,"37":0,"38":0,"39":0,"40":0,"41":0,"42":0,"43":0,"44":0,"45":0,"46":0,"47":0,"48":0,"49":0,"50":0,"51":0,"52":0,"53":0,"54":0,"55":0,"56":0,"57":0,"58":0,"59":0,"60":0},"f":{"0":0,"1":0,"2":0,"3":0,"4":0,"5":0},"b":{"0":[0,0],"1":[0],"2":[0],"3":[0],"4":[0,0],"5":[0,0],"6":[0,0],"7":[0,0],"8":[0,0],"9":[0,0],"10":[0],"11":[0],"12":[0,0],"13":[0,0],"14":[0,0],"15":[0,0]}}
,"C:\\Users\\Shabeer Ahammed\\Downloads\\govai-project\\govai\\govai-backend\\src\\controllers\\deliveryController.js": {"path":"C:\\Users\\Shabeer Ahammed\\Downloads\\govai-project\\govai\\govai-backend\\src\\controllers\\deliveryController.js","statementMap":{"0":{"start":{"line":4,"column":28},"end":{"line":4,"column":62}},"1":{"start":{"line":5,"column":32},"end":{"line":5,"column":70}},"2":{"start":{"line":6,"column":28},"end":{"line":6,"column":59}},"3":{"start":{"line":7,"column":28},"end":{"line":7,"column":54}},"4":{"start":{"line":8,"column":28},"end":{"line":8,"column":43}},"5":{"start":{"line":12,"column":2},"end":{"line":35,"column":3}},"6":{"start":{"line":17,"column":8},"end":{"line":17,"column":16}},"7":{"start":{"line":19,"column":21},"end":{"line":19,"column":62}},"8":{"start":{"line":20,"column":4},"end":{"line":22,"column":5}},"9":{"start":{"line":21,"column":6},"end":{"line":21,"column":108}},"10":{"start":{"line":24,"column":18},"end":{"line":28,"column":6}},"11":{"start":{"line":30,"column":4},"end":{"line":30,"column":55}},"12":{"start":{"line":31,"column":4},"end":{"line":31,"column":69}},"13":{"start":{"line":33,"column":4},"end":{"line":33,"column":64}},"14":{"start":{"line":34,"column":4},"end":{"line":34,"column":65}},"15":{"start":{"line":40,"column":2},"end":{"line":55,"column":3}},"16":{"start":{"line":41,"column":86},"end":{"line":41,"column":94}},"17":{"start":{"line":42,"column":4},"end":{"line":42,"column":78}},"18":{"start":{"line":42,"column":19},"end":{"line":42,"column":78}},"19":{"start":{"line":44,"column":18},"end":{"line":48,"column":5}},"20":{"start":{"line":50,"column":4},"end":{"line":50,"column":63}},"21":{"start":{"line":51,"column":4},"end":{"line":51,"column":69}},"22":{"start":{"line":53,"column":4},"end":{"line":53,"column":97}},"23":{"start":{"line":53,"column":51},"end":{"line":53,"column":97}},"24":{"start":{"line":54,"column":4},"end":{"line":54,"column":65}},"25":{"start":{"line":60,"column":2},"end":{"line":81,"column":3}},"26":{"start":{"line":61,"column":54},"end":{"line":61,"column":63}},"27":{"start":{"line":62,"column":19},"end":{"line":62,"column":21}},"28":{"start":{"line":63,"column":4},"end":{"line":63,"column":41}},"29":{"start":{"line":63,"column":17},"end":{"line":63,"column":41}},"30":{"start":{"line":64,"column":4},"end":{"line":64,"column":53}},"31":{"start":{"line":64,"column":17},"end":{"line":64,"column":53}},"32":{"start":{"line":66,"column":18},"end":{"line":66,"column":79}},"33":{"start":{"line":67,"column":18},"end":{"line":67,"column":52}},"34":{"start":{"line":68,"column":18},"end":{"line":68,"column":60}},"35":{"start":{"line":69,"column":19},"end":{"line":73,"column":30}},"36":{"start":{"line":75,"column":4},"end":{"line":78,"column":7}},"37":{"start":{"line":80,"column":4},"end":{"line":80,"column":68}},"38":{"start":{"line":84,"column":0},"end":{"line":84,"column":57}}},"fnMap":{"0":{"name":"createOrder","decl":{"start":{"line":11,"column":15},"end":{"line":11,"column":26}},"loc":{"start":{"line":11,"column":37},"end":{"line":36,"column":1}},"line":11},"1":{"name":"updateOrder","decl":{"start":{"line":39,"column":15},"end":{"line":39,"column":26}},"loc":{"start":{"line":39,"column":37},"end":{"line":56,"column":1}},"line":39},"2":{"name":"getOrders","decl":{"start":{"line":59,"column":15},"end":{"line":59,"column":24}},"loc":{"start":{"line":59,"column":35},"end":{"line":82,"column":1}},"line":59}},"branchMap":{"0":{"loc":{"start":{"line":14,"column":6},"end":{"line":14,"column":60}},"type":"default-arg","locations":[{"start":{"line":14,"column":17},"end":{"line":14,"column":60}}],"line":14},"1":{"loc":{"start":{"line":15,"column":28},"end":{"line":15,"column":44}},"type":"default-arg","locations":[{"start":{"line":15,"column":37},"end":{"line":15,"column":44}}],"line":15},"2":{"loc":{"start":{"line":16,"column":47},"end":{"line":16,"column":57}},"type":"default-arg","locations":[{"start":{"line":16,"column":55},"end":{"line":16,"column":57}}],"line":16},"3":{"loc":{"start":{"line":20,"column":4},"end":{"line":22,"column":5}},"type":"if","locations":[{"start":{"line":20,"column":4},"end":{"line":22,"column":5}},{"start":{},"end":{}}],"line":20},"4":{"loc":{"start":{"line":42,"column":4},"end":{"line":42,"column":78}},"type":"if","locations":[{"start":{"line":42,"column":4},"end":{"line":42,"column":78}},{"start":{},"end":{}}],"line":42},"5":{"loc":{"start":{"line":47,"column":6},"end":{"line":47,"column":25}},"type":"binary-expr","locations":[{"start":{"line":47,"column":6},"end":{"line":47,"column":16}},{"start":{"line":47,"column":20},"end":{"line":47,"column":25}}],"line":47},"6":{"loc":{"start":{"line":53,"column":4},"end":{"line":53,"column":97}},"type":"if","locations":[{"start":{"line":53,"column":4},"end":{"line":53,"column":97}},{"start":{},"end":{}}],"line":53},"7":{"loc":{"start":{"line":61,"column":29},"end":{"line":61,"column":37}},"type":"default-arg","locations":[{"start":{"line":61,"column":36},"end":{"line":61,"column":37}}],"line":61},"8":{"loc":{"start":{"line":61,"column":39},"end":{"line":61,"column":49}},"type":"default-arg","locations":[{"start":{"line":61,"column":47},"end":{"line":61,"column":49}}],"line":61},"9":{"loc":{"start":{"line":63,"column":4},"end":{"line":63,"column":41}},"type":"if","locations":[{"start":{"line":63,"column":4},"end":{"line":63,"column":41}},{"start":{},"end":{}}],"line":63},"10":{"loc":{"start":{"line":64,"column":4},"end":{"line":64,"column":53}},"type":"if","locations":[{"start":{"line":64,"column":4},"end":{"line":64,"column":53}},{"start":{},"end":{}}],"line":64}},"s":{"0":0,"1":0,"2":0,"3":0,"4":0,"5":0,"6":0,"7":0,"8":0,"9":0,"10":0,"11":0,"12":0,"13":0,"14":0,"15":0,"16":0,"17":0,"18":0,"19":0,"20":0,"21":0,"22":0,"23":0,"24":0,"25":0,"26":0,"27":0,"28":0,"29":0,"30":0,"31":0,"32":0,"33":0,"34":0,"35":0,"36":0,"37":0,"38":0},"f":{"0":0,"1":0,"2":0},"b":{"0":[0],"1":[0],"2":[0],"3":[0,0],"4":[0,0],"5":[0,0],"6":[0,0],"7":[0],"8":[0],"9":[0,0],"10":[0,0]}}
,"C:\\Users\\Shabeer Ahammed\\Downloads\\govai-project\\govai\\govai-backend\\src\\services\\bedrockService.js": {"path":"C:\\Users\\Shabeer Ahammed\\Downloads\\govai-project\\govai\\govai-backend\\src\\services\\bedrockService.js","statementMap":{"0":{"start":{"line":9,"column":53},"end":{"line":9,"column":95}},"1":{"start":{"line":10,"column":16},"end":{"line":10,"column":36}},"2":{"start":{"line":11,"column":16},"end":{"line":11,"column":42}},"3":{"start":{"line":12,"column":22},"end":{"line":12,"column":47}},"4":{"start":{"line":15,"column":20},"end":{"line":15,"column":24}},"5":{"start":{"line":17,"column":2},"end":{"line":24,"column":3}},"6":{"start":{"line":18,"column":4},"end":{"line":23,"column":7}},"7":{"start":{"line":25,"column":2},"end":{"line":25,"column":23}},"8":{"start":{"line":34,"column":23},"end":{"line":53,"column":2}},"9":{"start":{"line":55,"column":21},"end":{"line":55,"column":112}},"10":{"start":{"line":57,"column":2},"end":{"line":57,"column":38}},"11":{"start":{"line":65,"column":2},"end":{"line":65,"column":57}},"12":{"start":{"line":66,"column":2},"end":{"line":66,"column":45}},"13":{"start":{"line":66,"column":25},"end":{"line":66,"column":43}},"14":{"start":{"line":68,"column":12},"end":{"line":68,"column":36}},"15":{"start":{"line":70,"column":19},"end":{"line":70,"column":26}},"16":{"start":{"line":71,"column":19},"end":{"line":71,"column":21}},"17":{"start":{"line":72,"column":19},"end":{"line":72,"column":28}},"18":{"start":{"line":73,"column":19},"end":{"line":73,"column":27}},"19":{"start":{"line":74,"column":19},"end":{"line":74,"column":117}},"20":{"start":{"line":77,"column":2},"end":{"line":87,"column":3}},"21":{"start":{"line":78,"column":4},"end":{"line":78,"column":30}},"22":{"start":{"line":78,"column":31},"end":{"line":78,"column":47}},"23":{"start":{"line":78,"column":48},"end":{"line":78,"column":70}},"24":{"start":{"line":79,"column":9},"end":{"line":87,"column":3}},"25":{"start":{"line":80,"column":4},"end":{"line":80,"column":30}},"26":{"start":{"line":80,"column":31},"end":{"line":80,"column":47}},"27":{"start":{"line":80,"column":48},"end":{"line":80,"column":71}},"28":{"start":{"line":80,"column":72},"end":{"line":80,"column":89}},"29":{"start":{"line":81,"column":9},"end":{"line":87,"column":3}},"30":{"start":{"line":82,"column":4},"end":{"line":82,"column":32}},"31":{"start":{"line":82,"column":33},"end":{"line":82,"column":49}},"32":{"start":{"line":82,"column":50},"end":{"line":82,"column":72}},"33":{"start":{"line":83,"column":9},"end":{"line":87,"column":3}},"34":{"start":{"line":84,"column":4},"end":{"line":84,"column":28}},"35":{"start":{"line":84,"column":29},"end":{"line":84,"column":45}},"36":{"start":{"line":84,"column":46},"end":{"line":84,"column":69}},"37":{"start":{"line":85,"column":9},"end":{"line":87,"column":3}},"38":{"start":{"line":86,"column":4},"end":{"line":86,"column":25}},"39":{"start":{"line":86,"column":26},"end":{"line":86,"column":42}},"40":{"start":{"line":86,"column":43},"end":{"line":86,"column":66}},"41":{"start":{"line":86,"column":67},"end":{"line":86,"column":84}},"42":{"start":{"line":90,"column":23},"end":{"line":90,"column":73}},"43":{"start":{"line":91,"column":23},"end":{"line":91,"column":93}},"44":{"start":{"line":92,"column":23},"end":{"line":92,"column":64}},"45":{"start":{"line":93,"column":23},"end":{"line":93,"column":113}},"46":{"start":{"line":94,"column":23},"end":{"line":94,"column":78}},"47":{"start":{"line":96,"column":2},"end":{"line":96,"column":56}},"48":{"start":{"line":96,"column":19},"end":{"line":96,"column":56}},"49":{"start":{"line":97,"column":2},"end":{"line":97,"column":56}},"50":{"start":{"line":97,"column":19},"end":{"line":97,"column":56}},"51":{"start":{"line":98,"column":2},"end":{"line":98,"column":56}},"52":{"start":{"line":98,"column":19},"end":{"line":98,"column":56}},"53":{"start":{"line":99,"column":2},"end":{"line":99,"column":62}},"54":{"start":{"line":99,"column":19},"end":{"line":99,"column":62}},"55":{"start":{"line":100,"column":2},"end":{"line":100,"column":57}},"56":{"start":{"line":100,"column":19},"end":{"line":100,"column":57}},"57":{"start":{"line":102,"column":18},"end":{"line":104,"column":86}},"58":{"start":{"line":106,"column":2},"end":{"line":106,"column":71}},"59":{"start":{"line":111,"column":39},"end":{"line":111,"column":62}},"60":{"start":{"line":112,"column":17},"end":{"line":112,"column":28}},"61":{"start":{"line":115,"column":22},"end":{"line":123,"column":3}},"62":{"start":{"line":125,"column":19},"end":{"line":135,"column":3}},"63":{"start":{"line":126,"column":10},"end":{"line":131,"column":7}},"64":{"start":{"line":138,"column":15},"end":{"line":138,"column":59}},"65":{"start":{"line":139,"column":15},"end":{"line":139,"column":30}},"66":{"start":{"line":140,"column":15},"end":{"line":140,"column":44}},"67":{"start":{"line":142,"column":2},"end":{"line":142,"column":64}},"68":{"start":{"line":145,"column":2},"end":{"line":153,"column":3}},"69":{"start":{"line":146,"column":19},"end":{"line":146,"column":42}},"70":{"start":{"line":147,"column":4},"end":{"line":147,"column":18}},"71":{"start":{"line":150,"column":22},"end":{"line":150,"column":47}},"72":{"start":{"line":151,"column":4},"end":{"line":151,"column":51}},"73":{"start":{"line":151,"column":19},"end":{"line":151,"column":51}},"74":{"start":{"line":152,"column":4},"end":{"line":152,"column":81}},"75":{"start":{"line":162,"column":2},"end":{"line":164,"column":3}},"76":{"start":{"line":163,"column":4},"end":{"line":163,"column":136}},"77":{"start":{"line":166,"column":2},"end":{"line":166,"column":56}},"78":{"start":{"line":166,"column":25},"end":{"line":166,"column":56}},"79":{"start":{"line":168,"column":2},"end":{"line":173,"column":3}},"80":{"start":{"line":169,"column":4},"end":{"line":169,"column":41}},"81":{"start":{"line":171,"column":4},"end":{"line":171,"column":68}},"82":{"start":{"line":172,"column":4},"end":{"line":172,"column":14}},"83":{"start":{"line":176,"column":0},"end":{"line":176,"column":39}}},"fnMap":{"0":{"name":"getClient","decl":{"start":{"line":16,"column":9},"end":{"line":16,"column":18}},"loc":{"start":{"line":16,"column":21},"end":{"line":26,"column":1}},"line":16},"1":{"name":"buildPrompt","decl":{"start":{"line":33,"column":9},"end":{"line":33,"column":20}},"loc":{"start":{"line":33,"column":33},"end":{"line":58,"column":1}},"line":33},"2":{"name":"mockAnalyze","decl":{"start":{"line":64,"column":15},"end":{"line":64,"column":26}},"loc":{"start":{"line":64,"column":39},"end":{"line":107,"column":1}},"line":64},"3":{"name":"(anonymous_3)","decl":{"start":{"line":66,"column":20},"end":{"line":66,"column":21}},"loc":{"start":{"line":66,"column":25},"end":{"line":66,"column":43}},"line":66},"4":{"name":"realAnalyze","decl":{"start":{"line":110,"column":15},"end":{"line":110,"column":26}},"loc":{"start":{"line":110,"column":39},"end":{"line":154,"column":1}},"line":110},"5":{"name":"(anonymous_5)","decl":{"start":{"line":126,"column":4},"end":{"line":126,"column":5}},"loc":{"start":{"line":126,"column":10},"end":{"line":131,"column":7}},"line":126},"6":{"name":"analyzeTranscript","decl":{"start":{"line":161,"column":15},"end":{"line":161,"column":32}},"loc":{"start":{"line":161,"column":45},"end":{"line":174,"column":1}},"line":161}},"branchMap":{"0":{"loc":{"start":{"line":17,"column":2},"end":{"line":24,"column":3}},"type":"if","locations":[{"start":{"line":17,"column":2},"end":{"line":24,"column":3}},{"start":{},"end":{}}],"line":17},"1":{"loc":{"start":{"line":20,"column":19},"end":{"line":22,"column":19}},"type":"cond-expr","locations":[{"start":{"line":21,"column":10},"end":{"line":21,"column":94}},{"start":{"line":22,"column":10},"end":{"line":22,"column":19}}],"line":20},"2":{"loc":{"start":{"line":77,"column":2},"end":{"line":87,"column":3}},"type":"if","locations":[{"start":{"line":77,"column":2},"end":{"line":87,"column":3}},{"start":{"line":79,"column":9},"end":{"line":87,"column":3}}],"line":77},"3":{"loc":{"start":{"line":77,"column":6},"end":{"line":77,"column":75}},"type":"binary-expr","locations":[{"start":{"line":77,"column":6},"end":{"line":77,"column":27}},{"start":{"line":77,"column":31},"end":{"line":77,"column":51}},{"start":{"line":77,"column":55},"end":{"line":77,"column":75}}],"line":77},"4":{"loc":{"start":{"line":79,"column":9},"end":{"line":87,"column":3}},"type":"if","locations":[{"start":{"line":79,"column":9},"end":{"line":87,"column":3}},{"start":{"line":81,"column":9},"end":{"line":87,"column":3}}],"line":79},"5":{"loc":{"start":{"line":79,"column":13},"end":{"line":79,"column":85}},"type":"binary-expr","locations":[{"start":{"line":79,"column":13},"end":{"line":79,"column":33}},{"start":{"line":79,"column":37},"end":{"line":79,"column":61}},{"start":{"line":79,"column":65},"end":{"line":79,"column":85}}],"line":79},"6":{"loc":{"start":{"line":81,"column":9},"end":{"line":87,"column":3}},"type":"if","locations":[{"start":{"line":81,"column":9},"end":{"line":87,"column":3}},{"start":{"line":83,"column":9},"end":{"line":87,"column":3}}],"line":81},"7":{"loc":{"start":{"line":81,"column":13},"end":{"line":81,"column":107}},"type":"binary-expr","locations":[{"start":{"line":81,"column":13},"end":{"line":81,"column":33}},{"start":{"line":81,"column":37},"end":{"line":81,"column":56}},{"start":{"line":81,"column":60},"end":{"line":81,"column":82}},{"start":{"line":81,"column":86},"end":{"line":81,"column":107}}],"line":81},"8":{"loc":{"start":{"line":83,"column":9},"end":{"line":87,"column":3}},"type":"if","locations":[{"start":{"line":83,"column":9},"end":{"line":87,"column":3}},{"start":{"line":85,"column":9},"end":{"line":87,"column":3}}],"line":83},"9":{"loc":{"start":{"line":83,"column":13},"end":{"line":83,"column":63}},"type":"binary-expr","locations":[{"start":{"line":83,"column":13},"end":{"line":83,"column":33}},{"start":{"line":83,"column":37},"end":{"line":83,"column":63}}],"line":83},"10":{"loc":{"start":{"line":85,"column":9},"end":{"line":87,"column":3}},"type":"if","locations":[{"start":{"line":85,"column":9},"end":{"line":87,"column":3}},{"start":{},"end":{}}],"line":85},"11":{"loc":{"start":{"line":85,"column":13},"end":{"line":85,"column":113}},"type":"binary-expr","locations":[{"start":{"line":85,"column":13},"end":{"line":85,"column":37}},{"start":{"line":85,"column":41},"end":{"line":85,"column":62}},{"start":{"line":85,"column":66},"end":{"line":85,"column":83}},{"start":{"line":85,"column":87},"end":{"line":85,"column":113}}],"line":85},"12":{"loc":{"start":{"line":96,"column":2},"end":{"line":96,"column":56}},"type":"if","locations":[{"start":{"line":96,"column":2},"end":{"line":96,"column":56}},{"start":{},"end":{}}],"line":96},"13":{"loc":{"start":{"line":97,"column":2},"end":{"line":97,"column":56}},"type":"if","locations":[{"start":{"line":97,"column":2},"end":{"line":97,"column":56}},{"start":{},"end":{}}],"line":97},"14":{"loc":{"start":{"line":98,"column":2},"end":{"line":98,"column":56}},"type":"if","locations":[{"start":{"line":98,"column":2},"end":{"line":98,"column":56}},{"start":{},"end":{}}],"line":98},"15":{"loc":{"start":{"line":99,"column":2},"end":{"line":99,"column":62}},"type":"if","locations":[{"start":{"line":99,"column":2},"end":{"line":99,"column":62}},{"start":{},"end":{}}],"line":99},"16":{"loc":{"start":{"line":100,"column":2},"end":{"line":100,"column":57}},"type":"if","locations":[{"start":{"line":100,"column":2},"end":{"line":100,"column":57}},{"start":{},"end":{}}],"line":100},"17":{"loc":{"start":{"line":103,"column":7},"end":{"line":103,"column":74}},"type":"cond-expr","locations":[{"start":{"line":103,"column":27},"end":{"line":103,"column":69}},{"start":{"line":103,"column":72},"end":{"line":103,"column":74}}],"line":103},"18":{"loc":{"start":{"line":140,"column":15},"end":{"line":140,"column":44}},"type":"binary-expr","locations":[{"start":{"line":140,"column":15},"end":{"line":140,"column":38}},{"start":{"line":140,"column":42},"end":{"line":140,"column":44}}],"line":140},"19":{"loc":{"start":{"line":151,"column":4},"end":{"line":151,"column":51}},"type":"if","locations":[{"start":{"line":151,"column":4},"end":{"line":151,"column":51}},{"start":{},"end":{}}],"line":151},"20":{"loc":{"start":{"line":162,"column":2},"end":{"line":164,"column":3}},"type":"if","locations":[{"start":{"line":162,"column":2},"end":{"line":164,"column":3}},{"start":{},"end":{}}],"line":162},"21":{"loc":{"start":{"line":162,"column":6},"end":{"line":162,"column":50}},"type":"binary-expr","locations":[{"start":{"line":162,"column":6},"end":{"line":162,"column":17}},{"start":{"line":162,"column":21},"end":{"line":162,"column":50}}],"line":162},"22":{"loc":{"start":{"line":166,"column":2},"end":{"line":166,"column":56}},"type":"if","locations":[{"start":{"line":166,"column":2},"end":{"line":166,"column":56}},{"start":{},"end":{}}],"line":166}},"s":{"0":1,"1":1,"2":1,"3":1,"4":1,"5":0,"6":0,"7":0,"8":0,"9":0,"10":0,"11":5,"12":5,"13":5,"14":5,"15":5,"16":5,"17":5,"18":5,"19":5,"20":5,"21":1,"22":1,"23":1,"24":4,"25":1,"26":1,"27":1,"28":1,"29":3,"30":0,"31":0,"32":0,"33":3,"34":0,"35":0,"36":0,"37":3,"38":1,"39":1,"40":1,"41":1,"42":5,"43":5,"44":5,"45":5,"46":5,"47":5,"48":4,"49":5,"50":1,"51":5,"52":1,"53":5,"54":1,"55":5,"56":0,"57":5,"58":5,"59":0,"60":0,"61":0,"62":0,"63":0,"64":0,"65":0,"66":0,"67":0,"68":0,"69":0,"70":0,"71":0,"72":0,"73":0,"74":0,"75":6,"76":1,"77":5,"78":5,"79":0,"80":0,"81":0,"82":0,"83":1},"f":{"0":0,"1":0,"2":5,"3":5,"4":0,"5":0,"6":6},"b":{"0":[0,0],"1":[0,0],"2":[1,4],"3":[5,4,4],"4":[1,3],"5":[4,3,3],"6":[0,3],"7":[3,3,3,3],"8":[0,3],"9":[3,3],"10":[1,2],"11":[3,2,2,2],"12":[4,1],"13":[1,4],"14":[1,4],"15":[1,4],"16":[0,5],"17":[4,1],"18":[0,0],"19":[0,0],"20":[1,5],"21":[6,5],"22":[5,0]},"_coverageSchema":"1a1c01bbd47fc00a2c39e90264f33305004495a9","hash":"cacbea6e63619f353fccd9aa2a3a3599ff849d5f"}
,"C:\\Users\\Shabeer Ahammed\\Downloads\\govai-project\\govai\\govai-backend\\src\\services\\deliveryService.js": {"path":"C:\\Users\\Shabeer Ahammed\\Downloads\\govai-project\\govai\\govai-backend\\src\\services\\deliveryService.js","statementMap":{"0":{"start":{"line":5,"column":15},"end":{"line":5,"column":31}},"1":{"start":{"line":6,"column":15},"end":{"line":6,"column":35}},"2":{"start":{"line":7,"column":15},"end":{"line":7,"column":41}},"3":{"start":{"line":8,"column":22},"end":{"line":8,"column":47}},"4":{"start":{"line":9,"column":22},"end":{"line":9,"column":56}},"5":{"start":{"line":10,"column":23},"end":{"line":10,"column":38}},"6":{"start":{"line":14,"column":2},"end":{"line":14,"column":90}},"7":{"start":{"line":15,"column":2},"end":{"line":15,"column":45}},"8":{"start":{"line":15,"column":25},"end":{"line":15,"column":43}},"9":{"start":{"line":17,"column":2},"end":{"line":23,"column":4}},"10":{"start":{"line":39,"column":6},"end":{"line":39,"column":13}},"11":{"start":{"line":42,"column":26},"end":{"line":56,"column":3}},"12":{"start":{"line":60,"column":2},"end":{"line":75,"column":3}},"13":{"start":{"line":61,"column":4},"end":{"line":61,"column":47}},"14":{"start":{"line":63,"column":4},"end":{"line":74,"column":6}},"15":{"start":{"line":65,"column":20},"end":{"line":68,"column":10}},"16":{"start":{"line":69,"column":8},"end":{"line":69,"column":24}},"17":{"start":{"line":78,"column":2},"end":{"line":106,"column":3}},"18":{"start":{"line":79,"column":20},"end":{"line":79,"column":85}},"19":{"start":{"line":80,"column":4},"end":{"line":101,"column":6}},"20":{"start":{"line":102,"column":4},"end":{"line":102,"column":63}},"21":{"start":{"line":105,"column":4},"end":{"line":105,"column":84}},"22":{"start":{"line":108,"column":2},"end":{"line":108,"column":77}},"23":{"start":{"line":109,"column":2},"end":{"line":109,"column":18}},"24":{"start":{"line":116,"column":16},"end":{"line":116,"column":66}},"25":{"start":{"line":117,"column":2},"end":{"line":117,"column":61}},"26":{"start":{"line":117,"column":14},"end":{"line":117,"column":61}},"27":{"start":{"line":119,"column":21},"end":{"line":119,"column":33}},"28":{"start":{"line":120,"column":2},"end":{"line":120,"column":32}},"29":{"start":{"line":121,"column":2},"end":{"line":121,"column":31}},"30":{"start":{"line":123,"column":2},"end":{"line":129,"column":3}},"31":{"start":{"line":124,"column":4},"end":{"line":128,"column":7}},"32":{"start":{"line":131,"column":2},"end":{"line":131,"column":21}},"33":{"start":{"line":132,"column":2},"end":{"line":132,"column":15}},"34":{"start":{"line":135,"column":0},"end":{"line":135,"column":57}}},"fnMap":{"0":{"name":"mockSend","decl":{"start":{"line":13,"column":15},"end":{"line":13,"column":23}},"loc":{"start":{"line":13,"column":33},"end":{"line":24,"column":1}},"line":13},"1":{"name":"(anonymous_1)","decl":{"start":{"line":15,"column":20},"end":{"line":15,"column":21}},"loc":{"start":{"line":15,"column":25},"end":{"line":15,"column":43}},"line":15},"2":{"name":"sendToDelivery","decl":{"start":{"line":35,"column":15},"end":{"line":35,"column":29}},"loc":{"start":{"line":35,"column":39},"end":{"line":110,"column":1}},"line":35},"3":{"name":"(anonymous_3)","decl":{"start":{"line":64,"column":6},"end":{"line":64,"column":7}},"loc":{"start":{"line":64,"column":18},"end":{"line":70,"column":7}},"line":64},"4":{"name":"updateDeliveryOrder","decl":{"start":{"line":115,"column":15},"end":{"line":115,"column":34}},"loc":{"start":{"line":115,"column":72},"end":{"line":133,"column":1}},"line":115}},"branchMap":{"0":{"loc":{"start":{"line":37,"column":20},"end":{"line":37,"column":33}},"type":"default-arg","locations":[{"start":{"line":37,"column":31},"end":{"line":37,"column":33}}],"line":37},"1":{"loc":{"start":{"line":45,"column":22},"end":{"line":45,"column":47}},"type":"binary-expr","locations":[{"start":{"line":45,"column":22},"end":{"line":45,"column":39}},{"start":{"line":45,"column":43},"end":{"line":45,"column":47}}],"line":45},"2":{"loc":{"start":{"line":46,"column":22},"end":{"line":46,"column":50}},"type":"binary-expr","locations":[{"start":{"line":46,"column":22},"end":{"line":46,"column":42}},{"start":{"line":46,"column":46},"end":{"line":46,"column":50}}],"line":46},"3":{"loc":{"start":{"line":47,"column":22},"end":{"line":47,"column":44}},"type":"binary-expr","locations":[{"start":{"line":47,"column":22},"end":{"line":47,"column":36}},{"start":{"line":47,"column":40},"end":{"line":47,"column":44}}],"line":47},"4":{"loc":{"start":{"line":48,"column":22},"end":{"line":48,"column":44}},"type":"binary-expr","locations":[{"start":{"line":48,"column":22},"end":{"line":48,"column":36}},{"start":{"line":48,"column":40},"end":{"line":48,"column":44}}],"line":48},"5":{"loc":{"start":{"line":60,"column":2},"end":{"line":75,"column":3}},"type":"if","locations":[{"start":{"line":60,"column":2},"end":{"line":75,"column":3}},{"start":{"line":62,"column":9},"end":{"line":75,"column":3}}],"line":60},"6":{"loc":{"start":{"line":79,"column":20},"end":{"line":79,"column":85}},"type":"binary-expr","locations":[{"start":{"line":79,"column":20},"end":{"line":79,"column":37}},{"start":{"line":79,"column":41},"end":{"line":79,"column":85}}],"line":79},"7":{"loc":{"start":{"line":86,"column":26},"end":{"line":86,"column":54}},"type":"binary-expr","locations":[{"start":{"line":86,"column":26},"end":{"line":86,"column":46}},{"start":{"line":86,"column":50},"end":{"line":86,"column":54}}],"line":86},"8":{"loc":{"start":{"line":87,"column":26},"end":{"line":87,"column":48}},"type":"binary-expr","locations":[{"start":{"line":87,"column":26},"end":{"line":87,"column":40}},{"start":{"line":87,"column":44},"end":{"line":87,"column":48}}],"line":87},"9":{"loc":{"start":{"line":91,"column":26},"end":{"line":91,"column":84}},"type":"cond-expr","locations":[{"start":{"line":91,"column":60},"end":{"line":91,"column":69}},{"start":{"line":91,"column":72},"end":{"line":91,"column":84}}],"line":91},"10":{"loc":{"start":{"line":94,"column":24},"end":{"line":94,"column":82}},"type":"cond-expr","locations":[{"start":{"line":94,"column":58},"end":{"line":94,"column":67}},{"start":{"line":94,"column":70},"end":{"line":94,"column":82}}],"line":94},"11":{"loc":{"start":{"line":115,"column":53},"end":{"line":115,"column":70}},"type":"default-arg","locations":[{"start":{"line":115,"column":65},"end":{"line":115,"column":70}}],"line":115},"12":{"loc":{"start":{"line":117,"column":2},"end":{"line":117,"column":61}},"type":"if","locations":[{"start":{"line":117,"column":2},"end":{"line":117,"column":61}},{"start":{},"end":{}}],"line":117},"13":{"loc":{"start":{"line":123,"column":2},"end":{"line":129,"column":3}},"type":"if","locations":[{"start":{"line":123,"column":2},"end":{"line":129,"column":3}},{"start":{},"end":{}}],"line":123},"14":{"loc":{"start":{"line":123,"column":6},"end":{"line":123,"column":53}},"type":"binary-expr","locations":[{"start":{"line":123,"column":6},"end":{"line":123,"column":20}},{"start":{"line":123,"column":24},"end":{"line":123,"column":53}}],"line":123},"15":{"loc":{"start":{"line":127,"column":18},"end":{"line":127,"column":58}},"type":"binary-expr","locations":[{"start":{"line":127,"column":18},"end":{"line":127,"column":30}},{"start":{"line":127,"column":34},"end":{"line":127,"column":58}}],"line":127}},"s":{"0":0,"1":0,"2":0,"3":0,"4":0,"5":0,"6":0,"7":0,"8":0,"9":0,"10":0,"11":0,"12":0,"13":0,"14":0,"15":0,"16":0,"17":0,"18":0,"19":0,"20":0,"21":0,"22":0,"23":0,"24":0,"25":0,"26":0,"27":0,"28":0,"29":0,"30":0,"31":0,"32":0,"33":0,"34":0},"f":{"0":0,"1":0,"2":0,"3":0,"4":0},"b":{"0":[0],"1":[0,0],"2":[0,0],"3":[0,0],"4":[0,0],"5":[0,0],"6":[0,0],"7":[0,0],"8":[0,0],"9":[0,0],"10":[0,0],"11":[0],"12":[0,0],"13":[0,0],"14":[0,0],"15":[0,0]}}
,"C:\\Users\\Shabeer Ahammed\\Downloads\\govai-project\\govai\\govai-backend\\src\\services\\governanceService.js": {"path":"C:\\Users\\Shabeer Ahammed\\Downloads\\govai-project\\govai\\govai-backend\\src\\services\\governanceService.js","statementMap":{"0":{"start":{"line":15,"column":15},"end":{"line":15,"column":35}},"1":{"start":{"line":16,"column":15},"end":{"line":16,"column":41}},"2":{"start":{"line":19,"column":14},"end":{"line":27,"column":1}},"3":{"start":{"line":30,"column":22},"end":{"line":34,"column":1}},"4":{"start":{"line":37,"column":20},"end":{"line":40,"column":1}},"5":{"start":{"line":43,"column":22},"end":{"line":52,"column":1}},"6":{"start":{"line":58,"column":25},"end":{"line":58,"column":33}},"7":{"start":{"line":59,"column":20},"end":{"line":59,"column":57}},"8":{"start":{"line":61,"column":2},"end":{"line":67,"column":3}},"9":{"start":{"line":62,"column":4},"end":{"line":62,"column":37}},"10":{"start":{"line":63,"column":20},"end":{"line":63,"column":62}},"11":{"start":{"line":64,"column":4},"end":{"line":64,"column":62}},"12":{"start":{"line":65,"column":4},"end":{"line":65,"column":74}},"13":{"start":{"line":66,"column":4},"end":{"line":66,"column":17}},"14":{"start":{"line":68,"column":2},"end":{"line":68,"column":14}},"15":{"start":{"line":73,"column":32},"end":{"line":73,"column":104}},"16":{"start":{"line":74,"column":2},"end":{"line":82,"column":3}},"17":{"start":{"line":78,"column":4},"end":{"line":78,"column":39}},"18":{"start":{"line":79,"column":4},"end":{"line":79,"column":68}},"19":{"start":{"line":80,"column":4},"end":{"line":80,"column":78}},"20":{"start":{"line":81,"column":4},"end":{"line":81,"column":17}},"21":{"start":{"line":83,"column":2},"end":{"line":83,"column":14}},"22":{"start":{"line":88,"column":16},"end":{"line":88,"column":40}},"23":{"start":{"line":89,"column":16},"end":{"line":89,"column":66}},"24":{"start":{"line":89,"column":45},"end":{"line":89,"column":65}},"25":{"start":{"line":90,"column":2},"end":{"line":95,"column":3}},"26":{"start":{"line":91,"column":4},"end":{"line":91,"column":37}},"27":{"start":{"line":92,"column":4},"end":{"line":92,"column":66}},"28":{"start":{"line":93,"column":4},"end":{"line":93,"column":75}},"29":{"start":{"line":94,"column":4},"end":{"line":94,"column":16}},"30":{"start":{"line":96,"column":2},"end":{"line":96,"column":15}},"31":{"start":{"line":101,"column":16},"end":{"line":101,"column":40}},"32":{"start":{"line":102,"column":16},"end":{"line":102,"column":64}},"33":{"start":{"line":102,"column":43},"end":{"line":102,"column":63}},"34":{"start":{"line":103,"column":2},"end":{"line":107,"column":3}},"35":{"start":{"line":104,"column":4},"end":{"line":104,"column":35}},"36":{"start":{"line":105,"column":4},"end":{"line":105,"column":64}},"37":{"start":{"line":106,"column":4},"end":{"line":106,"column":71}},"38":{"start":{"line":112,"column":2},"end":{"line":115,"column":3}},"39":{"start":{"line":113,"column":4},"end":{"line":113,"column":37}},"40":{"start":{"line":114,"column":4},"end":{"line":114,"column":66}},"41":{"start":{"line":120,"column":2},"end":{"line":122,"column":3}},"42":{"start":{"line":121,"column":4},"end":{"line":121,"column":35}},"43":{"start":{"line":133,"column":15},"end":{"line":133,"column":25}},"44":{"start":{"line":134,"column":16},"end":{"line":134,"column":21}},"45":{"start":{"line":136,"column":2},"end":{"line":140,"column":3}},"46":{"start":{"line":137,"column":19},"end":{"line":137,"column":25}},"47":{"start":{"line":138,"column":4},"end":{"line":138,"column":44}},"48":{"start":{"line":139,"column":4},"end":{"line":139,"column":42}},"49":{"start":{"line":139,"column":27},"end":{"line":139,"column":42}},"50":{"start":{"line":142,"column":2},"end":{"line":142,"column":29}},"51":{"start":{"line":155,"column":16},"end":{"line":155,"column":18}},"52":{"start":{"line":156,"column":26},"end":{"line":156,"column":28}},"53":{"start":{"line":157,"column":16},"end":{"line":157,"column":21}},"54":{"start":{"line":158,"column":23},"end":{"line":158,"column":28}},"55":{"start":{"line":161,"column":27},"end":{"line":161,"column":73}},"56":{"start":{"line":162,"column":27},"end":{"line":162,"column":76}},"57":{"start":{"line":163,"column":27},"end":{"line":163,"column":73}},"58":{"start":{"line":164,"column":2},"end":{"line":164,"column":55}},"59":{"start":{"line":165,"column":2},"end":{"line":165,"column":48}},"60":{"start":{"line":166,"column":2},"end":{"line":166,"column":32}},"61":{"start":{"line":169,"column":49},"end":{"line":169,"column":78}},"62":{"start":{"line":170,"column":2},"end":{"line":170,"column":48}},"63":{"start":{"line":170,"column":15},"end":{"line":170,"column":48}},"64":{"start":{"line":173,"column":2},"end":{"line":177,"column":3}},"65":{"start":{"line":174,"column":4},"end":{"line":174,"column":19}},"66":{"start":{"line":175,"column":9},"end":{"line":177,"column":3}},"67":{"start":{"line":176,"column":4},"end":{"line":176,"column":26}},"68":{"start":{"line":180,"column":23},"end":{"line":180,"column":73}},"69":{"start":{"line":180,"column":56},"end":{"line":180,"column":69}},"70":{"start":{"line":181,"column":27},"end":{"line":181,"column":73}},"71":{"start":{"line":183,"column":17},"end":{"line":187,"column":16}},"72":{"start":{"line":189,"column":17},"end":{"line":195,"column":3}},"73":{"start":{"line":197,"column":2},"end":{"line":202,"column":5}},"74":{"start":{"line":204,"column":2},"end":{"line":204,"column":16}},"75":{"start":{"line":207,"column":0},"end":{"line":207,"column":59}}},"fnMap":{"0":{"name":"checkConfidence","decl":{"start":{"line":57,"column":9},"end":{"line":57,"column":24}},"loc":{"start":{"line":57,"column":59},"end":{"line":69,"column":1}},"line":57},"1":{"name":"checkOrderId","decl":{"start":{"line":72,"column":9},"end":{"line":72,"column":21}},"loc":{"start":{"line":72,"column":56},"end":{"line":84,"column":1}},"line":72},"2":{"name":"checkAbuse","decl":{"start":{"line":87,"column":9},"end":{"line":87,"column":19}},"loc":{"start":{"line":87,"column":56},"end":{"line":97,"column":1}},"line":87},"3":{"name":"(anonymous_3)","decl":{"start":{"line":89,"column":37},"end":{"line":89,"column":38}},"loc":{"start":{"line":89,"column":45},"end":{"line":89,"column":65}},"line":89},"4":{"name":"checkLegalThreat","decl":{"start":{"line":100,"column":9},"end":{"line":100,"column":25}},"loc":{"start":{"line":100,"column":62},"end":{"line":108,"column":1}},"line":100},"5":{"name":"(anonymous_5)","decl":{"start":{"line":102,"column":35},"end":{"line":102,"column":36}},"loc":{"start":{"line":102,"column":43},"end":{"line":102,"column":63}},"line":102},"6":{"name":"checkIntent","decl":{"start":{"line":111,"column":9},"end":{"line":111,"column":20}},"loc":{"start":{"line":111,"column":55},"end":{"line":116,"column":1}},"line":111},"7":{"name":"checkUrgency","decl":{"start":{"line":119,"column":9},"end":{"line":119,"column":21}},"loc":{"start":{"line":119,"column":39},"end":{"line":123,"column":1}},"line":119},"8":{"name":"maskSensitiveData","decl":{"start":{"line":132,"column":9},"end":{"line":132,"column":26}},"loc":{"start":{"line":132,"column":39},"end":{"line":143,"column":1}},"line":132},"9":{"name":"evaluateGovernance","decl":{"start":{"line":154,"column":9},"end":{"line":154,"column":27}},"loc":{"start":{"line":154,"column":55},"end":{"line":205,"column":1}},"line":154},"10":{"name":"(anonymous_10)","decl":{"start":{"line":180,"column":46},"end":{"line":180,"column":47}},"loc":{"start":{"line":180,"column":56},"end":{"line":180,"column":69}},"line":180}},"branchMap":{"0":{"loc":{"start":{"line":61,"column":2},"end":{"line":67,"column":3}},"type":"if","locations":[{"start":{"line":61,"column":2},"end":{"line":67,"column":3}},{"start":{},"end":{}}],"line":61},"1":{"loc":{"start":{"line":74,"column":2},"end":{"line":82,"column":3}},"type":"if","locations":[{"start":{"line":74,"column":2},"end":{"line":82,"column":3}},{"start":{},"end":{}}],"line":74},"2":{"loc":{"start":{"line":75,"column":4},"end":{"line":76,"column":78}},"type":"binary-expr","locations":[{"start":{"line":75,"column":4},"end":{"line":75,"column":51}},{"start":{"line":76,"column":5},"end":{"line":76,"column":33}},{"start":{"line":76,"column":37},"end":{"line":76,"column":77}}],"line":75},"3":{"loc":{"start":{"line":90,"column":2},"end":{"line":95,"column":3}},"type":"if","locations":[{"start":{"line":90,"column":2},"end":{"line":95,"column":3}},{"start":{},"end":{}}],"line":90},"4":{"loc":{"start":{"line":103,"column":2},"end":{"line":107,"column":3}},"type":"if","locations":[{"start":{"line":103,"column":2},"end":{"line":107,"column":3}},{"start":{},"end":{}}],"line":103},"5":{"loc":{"start":{"line":112,"column":2},"end":{"line":115,"column":3}},"type":"if","locations":[{"start":{"line":112,"column":2},"end":{"line":115,"column":3}},{"start":{},"end":{}}],"line":112},"6":{"loc":{"start":{"line":112,"column":6},"end":{"line":112,"column":66}},"type":"binary-expr","locations":[{"start":{"line":112,"column":6},"end":{"line":112,"column":35}},{"start":{"line":112,"column":39},"end":{"line":112,"column":66}}],"line":112},"7":{"loc":{"start":{"line":120,"column":2},"end":{"line":122,"column":3}},"type":"if","locations":[{"start":{"line":120,"column":2},"end":{"line":122,"column":3}},{"start":{},"end":{}}],"line":120},"8":{"loc":{"start":{"line":139,"column":4},"end":{"line":139,"column":42}},"type":"if","locations":[{"start":{"line":139,"column":4},"end":{"line":139,"column":42}},{"start":{},"end":{}}],"line":139},"9":{"loc":{"start":{"line":154,"column":38},"end":{"line":154,"column":53}},"type":"default-arg","locations":[{"start":{"line":154,"column":51},"end":{"line":154,"column":53}}],"line":154},"10":{"loc":{"start":{"line":170,"column":2},"end":{"line":170,"column":48}},"type":"if","locations":[{"start":{"line":170,"column":2},"end":{"line":170,"column":48}},{"start":{},"end":{}}],"line":170},"11":{"loc":{"start":{"line":173,"column":2},"end":{"line":177,"column":3}},"type":"if","locations":[{"start":{"line":173,"column":2},"end":{"line":177,"column":3}},{"start":{"line":175,"column":9},"end":{"line":177,"column":3}}],"line":173},"12":{"loc":{"start":{"line":175,"column":9},"end":{"line":177,"column":3}},"type":"if","locations":[{"start":{"line":175,"column":9},"end":{"line":177,"column":3}},{"start":{},"end":{}}],"line":175},"13":{"loc":{"start":{"line":175,"column":13},"end":{"line":175,"column":76}},"type":"binary-expr","locations":[{"start":{"line":175,"column":13},"end":{"line":175,"column":26}},{"start":{"line":175,"column":30},"end":{"line":175,"column":38}},{"start":{"line":175,"column":42},"end":{"line":175,"column":76}}],"line":175},"14":{"loc":{"start":{"line":183,"column":17},"end":{"line":187,"column":16}},"type":"cond-expr","locations":[{"start":{"line":184,"column":6},"end":{"line":184,"column":15}},{"start":{"line":185,"column":6},"end":{"line":187,"column":16}}],"line":183},"15":{"loc":{"start":{"line":185,"column":6},"end":{"line":187,"column":16}},"type":"cond-expr","locations":[{"start":{"line":186,"column":6},"end":{"line":186,"column":23}},{"start":{"line":187,"column":6},"end":{"line":187,"column":16}}],"line":185}},"s":{"0":1,"1":1,"2":1,"3":1,"4":1,"5":1,"6":7,"7":7,"8":7,"9":2,"10":2,"11":2,"12":2,"13":2,"14":5,"15":7,"16":7,"17":1,"18":1,"19":1,"20":1,"21":6,"22":7,"23":7,"24":105,"25":7,"26":2,"27":2,"28":2,"29":2,"30":5,"31":7,"32":7,"33":56,"34":7,"35":2,"36":2,"37":2,"38":7,"39":0,"40":0,"41":7,"42":4,"43":11,"44":11,"45":11,"46":44,"47":44,"48":44,"49":5,"50":11,"51":7,"52":7,"53":7,"54":7,"55":7,"56":7,"57":7,"58":7,"59":7,"60":7,"61":7,"62":7,"63":1,"64":7,"65":2,"66":5,"67":3,"68":7,"69":7,"70":7,"71":7,"72":7,"73":7,"74":7,"75":1},"f":{"0":7,"1":7,"2":7,"3":105,"4":7,"5":56,"6":7,"7":7,"8":11,"9":7,"10":7},"b":{"0":[2,5],"1":[1,6],"2":[7,3,2],"3":[2,5],"4":[2,5],"5":[0,7],"6":[7,7],"7":[4,3],"8":[5,39],"9":[0],"10":[1,6],"11":[2,5],"12":[3,2],"13":[5,4,3],"14":[2,5],"15":[3,2]},"_coverageSchema":"1a1c01bbd47fc00a2c39e90264f33305004495a9","hash":"622f5b5d097bded73ef9678ef8e7722c8afe712e"}
,"C:\\Users\\Shabeer Ahammed\\Downloads\\govai-project\\govai\\govai-backend\\src\\services\\pipelineService.js": {"path":"C:\\Users\\Shabeer Ahammed\\Downloads\\govai-project\\govai\\govai-backend\\src\\services\\pipelineService.js","statementMap":{"0":{"start":{"line":10,"column":31},"end":{"line":10,"column":61}},"1":{"start":{"line":11,"column":31},"end":{"line":11,"column":58}},"2":{"start":{"line":12,"column":31},"end":{"line":12,"column":61}},"3":{"start":{"line":13,"column":31},"end":{"line":13,"column":59}},"4":{"start":{"line":14,"column":31},"end":{"line":14,"column":59}},"5":{"start":{"line":15,"column":31},"end":{"line":15,"column":57}},"6":{"start":{"line":26,"column":2},"end":{"line":32,"column":5}},"7":{"start":{"line":33,"column":2},"end":{"line":33,"column":23}},"8":{"start":{"line":40,"column":2},"end":{"line":42,"column":3}},"9":{"start":{"line":41,"column":4},"end":{"line":41,"column":25}},"10":{"start":{"line":54,"column":18},"end":{"line":54,"column":60}},"11":{"start":{"line":55,"column":2},"end":{"line":55,"column":64}},"12":{"start":{"line":55,"column":16},"end":{"line":55,"column":64}},"13":{"start":{"line":57,"column":2},"end":{"line":57,"column":43}},"14":{"start":{"line":58,"column":2},"end":{"line":58,"column":23}},"15":{"start":{"line":60,"column":2},"end":{"line":60,"column":63}},"16":{"start":{"line":61,"column":2},"end":{"line":61,"column":56}},"17":{"start":{"line":64,"column":19},"end":{"line":64,"column":21}},"18":{"start":{"line":66,"column":15},"end":{"line":66,"column":25}},"19":{"start":{"line":67,"column":4},"end":{"line":67,"column":87}},"20":{"start":{"line":68,"column":4},"end":{"line":88,"column":5}},"21":{"start":{"line":69,"column":21},"end":{"line":69,"column":60}},"22":{"start":{"line":70,"column":6},"end":{"line":70,"column":37}},"23":{"start":{"line":72,"column":6},"end":{"line":72,"column":46}},"24":{"start":{"line":73,"column":6},"end":{"line":73,"column":51}},"25":{"start":{"line":74,"column":6},"end":{"line":74,"column":47}},"26":{"start":{"line":75,"column":6},"end":{"line":75,"column":55}},"27":{"start":{"line":77,"column":6},"end":{"line":77,"column":104}},"28":{"start":{"line":78,"column":6},"end":{"line":78,"column":122}},"29":{"start":{"line":79,"column":6},"end":{"line":79,"column":82}},"30":{"start":{"line":81,"column":6},"end":{"line":81,"column":43}},"31":{"start":{"line":82,"column":6},"end":{"line":82,"column":34}},"32":{"start":{"line":83,"column":6},"end":{"line":83,"column":43}},"33":{"start":{"line":84,"column":6},"end":{"line":84,"column":74}},"34":{"start":{"line":85,"column":6},"end":{"line":85,"column":104}},"35":{"start":{"line":86,"column":6},"end":{"line":86,"column":83}},"36":{"start":{"line":87,"column":6},"end":{"line":87,"column":21}},"37":{"start":{"line":92,"column":17},"end":{"line":92,"column":19}},"38":{"start":{"line":94,"column":15},"end":{"line":94,"column":25}},"39":{"start":{"line":95,"column":4},"end":{"line":95,"column":88}},"40":{"start":{"line":96,"column":4},"end":{"line":116,"column":5}},"41":{"start":{"line":97,"column":6},"end":{"line":97,"column":53}},"42":{"start":{"line":99,"column":6},"end":{"line":104,"column":8}},"43":{"start":{"line":106,"column":6},"end":{"line":106,"column":130}},"44":{"start":{"line":107,"column":6},"end":{"line":107,"column":154}},"45":{"start":{"line":108,"column":6},"end":{"line":108,"column":112}},"46":{"start":{"line":110,"column":6},"end":{"line":110,"column":34}},"47":{"start":{"line":111,"column":6},"end":{"line":111,"column":43}},"48":{"start":{"line":112,"column":6},"end":{"line":112,"column":75}},"49":{"start":{"line":113,"column":6},"end":{"line":113,"column":105}},"50":{"start":{"line":114,"column":6},"end":{"line":114,"column":83}},"51":{"start":{"line":115,"column":6},"end":{"line":115,"column":21}},"52":{"start":{"line":120,"column":25},"end":{"line":120,"column":27}},"53":{"start":{"line":122,"column":15},"end":{"line":122,"column":25}},"54":{"start":{"line":123,"column":4},"end":{"line":123,"column":87}},"55":{"start":{"line":124,"column":4},"end":{"line":145,"column":5}},"56":{"start":{"line":125,"column":6},"end":{"line":125,"column":66}},"57":{"start":{"line":127,"column":6},"end":{"line":132,"column":8}},"58":{"start":{"line":134,"column":6},"end":{"line":135,"column":95}},"59":{"start":{"line":136,"column":6},"end":{"line":139,"column":9}},"60":{"start":{"line":140,"column":6},"end":{"line":140,"column":97}},"61":{"start":{"line":143,"column":6},"end":{"line":143,"column":82}},"62":{"start":{"line":144,"column":6},"end":{"line":144,"column":74}},"63":{"start":{"line":150,"column":15},"end":{"line":150,"column":25}},"64":{"start":{"line":151,"column":4},"end":{"line":151,"column":85}},"65":{"start":{"line":153,"column":4},"end":{"line":185,"column":5}},"66":{"start":{"line":155,"column":6},"end":{"line":155,"column":68}},"67":{"start":{"line":156,"column":6},"end":{"line":156,"column":96}},"68":{"start":{"line":157,"column":6},"end":{"line":157,"column":113}},"69":{"start":{"line":159,"column":6},"end":{"line":184,"column":7}},"70":{"start":{"line":160,"column":28},"end":{"line":168,"column":10}},"71":{"start":{"line":170,"column":8},"end":{"line":175,"column":10}},"72":{"start":{"line":177,"column":8},"end":{"line":177,"column":97}},"73":{"start":{"line":178,"column":8},"end":{"line":178,"column":104}},"74":{"start":{"line":180,"column":8},"end":{"line":180,"column":69}},"75":{"start":{"line":181,"column":8},"end":{"line":181,"column":74}},"76":{"start":{"line":182,"column":8},"end":{"line":182,"column":104}},"77":{"start":{"line":183,"column":8},"end":{"line":183,"column":80}},"78":{"start":{"line":189,"column":2},"end":{"line":189,"column":42}},"79":{"start":{"line":190,"column":2},"end":{"line":190,"column":28}},"80":{"start":{"line":191,"column":2},"end":{"line":191,"column":23}},"81":{"start":{"line":193,"column":2},"end":{"line":198,"column":5}},"82":{"start":{"line":200,"column":2},"end":{"line":200,"column":84}},"83":{"start":{"line":201,"column":2},"end":{"line":201,"column":17}},"84":{"start":{"line":204,"column":0},"end":{"line":204,"column":33}}},"fnMap":{"0":{"name":"recordStage","decl":{"start":{"line":25,"column":15},"end":{"line":25,"column":26}},"loc":{"start":{"line":25,"column":71},"end":{"line":34,"column":1}},"line":25},"1":{"name":"emit","decl":{"start":{"line":39,"column":9},"end":{"line":39,"column":13}},"loc":{"start":{"line":39,"column":31},"end":{"line":43,"column":1}},"line":39},"2":{"name":"runPipeline","decl":{"start":{"line":53,"column":15},"end":{"line":53,"column":26}},"loc":{"start":{"line":53,"column":56},"end":{"line":202,"column":1}},"line":53}},"branchMap":{"0":{"loc":{"start":{"line":40,"column":2},"end":{"line":42,"column":3}},"type":"if","locations":[{"start":{"line":40,"column":2},"end":{"line":42,"column":3}},{"start":{},"end":{}}],"line":40},"1":{"loc":{"start":{"line":53,"column":45},"end":{"line":53,"column":54}},"type":"default-arg","locations":[{"start":{"line":53,"column":50},"end":{"line":53,"column":54}}],"line":53},"2":{"loc":{"start":{"line":55,"column":2},"end":{"line":55,"column":64}},"type":"if","locations":[{"start":{"line":55,"column":2},"end":{"line":55,"column":64}},{"start":{},"end":{}}],"line":55},"3":{"loc":{"start":{"line":153,"column":4},"end":{"line":185,"column":5}},"type":"if","locations":[{"start":{"line":153,"column":4},"end":{"line":185,"column":5}},{"start":{"line":158,"column":11},"end":{"line":185,"column":5}}],"line":153}},"s":{"0":0,"1":0,"2":0,"3":0,"4":0,"5":0,"6":0,"7":0,"8":0,"9":0,"10":0,"11":0,"12":0,"13":0,"14":0,"15":0,"16":0,"17":0,"18":0,"19":0,"20":0,"21":0,"22":0,"23":0,"24":0,"25":0,"26":0,"27":0,"28":0,"29":0,"30":0,"31":0,"32":0,"33":0,"34":0,"35":0,"36":0,"37":0,"38":0,"39":0,"40":0,"41":0,"42":0,"43":0,"44":0,"45":0,"46":0,"47":0,"48":0,"49":0,"50":0,"51":0,"52":0,"53":0,"54":0,"55":0,"56":0,"57":0,"58":0,"59":0,"60":0,"61":0,"62":0,"63":0,"64":0,"65":0,"66":0,"67":0,"68":0,"69":0,"70":0,"71":0,"72":0,"73":0,"74":0,"75":0,"76":0,"77":0,"78":0,"79":0,"80":0,"81":0,"82":0,"83":0,"84":0},"f":{"0":0,"1":0,"2":0},"b":{"0":[0,0],"1":[0],"2":[0,0],"3":[0,0]}}
,"C:\\Users\\Shabeer Ahammed\\Downloads\\govai-project\\govai\\govai-backend\\src\\services\\s3Service.js": {"path":"C:\\Users\\Shabeer Ahammed\\Downloads\\govai-project\\govai\\govai-backend\\src\\services\\s3Service.js","statementMap":{"0":{"start":{"line":5,"column":78},"end":{"line":5,"column":107}},"1":{"start":{"line":6,"column":25},"end":{"line":6,"column":65}},"2":{"start":{"line":7,"column":23},"end":{"line":7,"column":38}},"3":{"start":{"line":8,"column":16},"end":{"line":8,"column":36}},"4":{"start":{"line":9,"column":16},"end":{"line":9,"column":42}},"5":{"start":{"line":10,"column":22},"end":{"line":10,"column":47}},"6":{"start":{"line":13,"column":15},"end":{"line":13,"column":19}},"7":{"start":{"line":16,"column":2},"end":{"line":23,"column":3}},"8":{"start":{"line":17,"column":4},"end":{"line":22,"column":7}},"9":{"start":{"line":24,"column":2},"end":{"line":24,"column":18}},"10":{"start":{"line":28,"column":19},"end":{"line":38,"column":1}},"11":{"start":{"line":29,"column":14},"end":{"line":29,"column":45}},"12":{"start":{"line":30,"column":2},"end":{"line":30,"column":76}},"13":{"start":{"line":31,"column":2},"end":{"line":31,"column":45}},"14":{"start":{"line":31,"column":25},"end":{"line":31,"column":43}},"15":{"start":{"line":32,"column":2},"end":{"line":37,"column":4}},"16":{"start":{"line":40,"column":19},"end":{"line":43,"column":1}},"17":{"start":{"line":41,"column":2},"end":{"line":41,"column":45}},"18":{"start":{"line":41,"column":25},"end":{"line":41,"column":43}},"19":{"start":{"line":42,"column":2},"end":{"line":42,"column":107}},"20":{"start":{"line":55,"column":2},"end":{"line":57,"column":3}},"21":{"start":{"line":56,"column":4},"end":{"line":56,"column":50}},"22":{"start":{"line":59,"column":14},"end":{"line":59,"column":45}},"23":{"start":{"line":60,"column":17},"end":{"line":60,"column":30}},"24":{"start":{"line":62,"column":2},"end":{"line":73,"column":4}},"25":{"start":{"line":63,"column":10},"end":{"line":69,"column":7}},"26":{"start":{"line":75,"column":14},"end":{"line":75,"column":91}},"27":{"start":{"line":76,"column":2},"end":{"line":76,"column":76}},"28":{"start":{"line":77,"column":2},"end":{"line":77,"column":51}},"29":{"start":{"line":86,"column":2},"end":{"line":86,"column":48}},"30":{"start":{"line":86,"column":25},"end":{"line":86,"column":48}},"31":{"start":{"line":88,"column":18},"end":{"line":88,"column":31}},"32":{"start":{"line":89,"column":18},"end":{"line":89,"column":81}},"33":{"start":{"line":90,"column":2},"end":{"line":90,"column":54}},"34":{"start":{"line":98,"column":2},"end":{"line":101,"column":3}},"35":{"start":{"line":99,"column":4},"end":{"line":99,"column":57}},"36":{"start":{"line":100,"column":4},"end":{"line":100,"column":11}},"37":{"start":{"line":103,"column":17},"end":{"line":103,"column":30}},"38":{"start":{"line":104,"column":2},"end":{"line":109,"column":4}},"39":{"start":{"line":105,"column":10},"end":{"line":105,"column":89}},"40":{"start":{"line":110,"column":2},"end":{"line":110,"column":44}},"41":{"start":{"line":113,"column":0},"end":{"line":113,"column":64}}},"fnMap":{"0":{"name":"getS3Client","decl":{"start":{"line":15,"column":9},"end":{"line":15,"column":20}},"loc":{"start":{"line":15,"column":23},"end":{"line":25,"column":1}},"line":15},"1":{"name":"(anonymous_1)","decl":{"start":{"line":28,"column":19},"end":{"line":28,"column":20}},"loc":{"start":{"line":28,"column":57},"end":{"line":38,"column":1}},"line":28},"2":{"name":"(anonymous_2)","decl":{"start":{"line":31,"column":20},"end":{"line":31,"column":21}},"loc":{"start":{"line":31,"column":25},"end":{"line":31,"column":43}},"line":31},"3":{"name":"(anonymous_3)","decl":{"start":{"line":40,"column":19},"end":{"line":40,"column":20}},"loc":{"start":{"line":40,"column":34},"end":{"line":43,"column":1}},"line":40},"4":{"name":"(anonymous_4)","decl":{"start":{"line":41,"column":20},"end":{"line":41,"column":21}},"loc":{"start":{"line":41,"column":25},"end":{"line":41,"column":43}},"line":41},"5":{"name":"uploadAudio","decl":{"start":{"line":54,"column":15},"end":{"line":54,"column":26}},"loc":{"start":{"line":54,"column":55},"end":{"line":78,"column":1}},"line":54},"6":{"name":"(anonymous_6)","decl":{"start":{"line":63,"column":4},"end":{"line":63,"column":5}},"loc":{"start":{"line":63,"column":10},"end":{"line":69,"column":7}},"line":63},"7":{"name":"getPresignedUrl","decl":{"start":{"line":85,"column":15},"end":{"line":85,"column":30}},"loc":{"start":{"line":85,"column":54},"end":{"line":91,"column":1}},"line":85},"8":{"name":"deleteObject","decl":{"start":{"line":97,"column":15},"end":{"line":97,"column":27}},"loc":{"start":{"line":97,"column":33},"end":{"line":111,"column":1}},"line":97},"9":{"name":"(anonymous_9)","decl":{"start":{"line":105,"column":4},"end":{"line":105,"column":5}},"loc":{"start":{"line":105,"column":10},"end":{"line":105,"column":89}},"line":105}},"branchMap":{"0":{"loc":{"start":{"line":16,"column":2},"end":{"line":23,"column":3}},"type":"if","locations":[{"start":{"line":16,"column":2},"end":{"line":23,"column":3}},{"start":{},"end":{}}],"line":16},"1":{"loc":{"start":{"line":19,"column":19},"end":{"line":21,"column":19}},"type":"cond-expr","locations":[{"start":{"line":20,"column":10},"end":{"line":20,"column":94}},{"start":{"line":21,"column":10},"end":{"line":21,"column":19}}],"line":19},"2":{"loc":{"start":{"line":55,"column":2},"end":{"line":57,"column":3}},"type":"if","locations":[{"start":{"line":55,"column":2},"end":{"line":57,"column":3}},{"start":{},"end":{}}],"line":55},"3":{"loc":{"start":{"line":85,"column":36},"end":{"line":85,"column":52}},"type":"default-arg","locations":[{"start":{"line":85,"column":48},"end":{"line":85,"column":52}}],"line":85},"4":{"loc":{"start":{"line":86,"column":2},"end":{"line":86,"column":48}},"type":"if","locations":[{"start":{"line":86,"column":2},"end":{"line":86,"column":48}},{"start":{},"end":{}}],"line":86},"5":{"loc":{"start":{"line":98,"column":2},"end":{"line":101,"column":3}},"type":"if","locations":[{"start":{"line":98,"column":2},"end":{"line":101,"column":3}},{"start":{},"end":{}}],"line":98}},"s":{"0":0,"1":0,"2":0,"3":0,"4":0,"5":0,"6":0,"7":0,"8":0,"9":0,"10":0,"11":0,"12":0,"13":0,"14":0,"15":0,"16":0,"17":0,"18":0,"19":0,"20":0,"21":0,"22":0,"23":0,"24":0,"25":0,"26":0,"27":0,"28":0,"29":0,"30":0,"31":0,"32":0,"33":0,"34":0,"35":0,"36":0,"37":0,"38":0,"39":0,"40":0,"41":0},"f":{"0":0,"1":0,"2":0,"3":0,"4":0,"5":0,"6":0,"7":0,"8":0,"9":0},"b":{"0":[0,0],"1":[0,0],"2":[0,0],"3":[0],"4":[0,0],"5":[0,0]}}
,"C:\\Users\\Shabeer Ahammed\\Downloads\\govai-project\\govai\\govai-backend\\src\\services\\transcribeService.js": {"path":"C:\\Users\\Shabeer Ahammed\\Downloads\\govai-project\\govai\\govai-backend\\src\\services\\transcribeService.js","statementMap":{"0":{"start":{"line":9,"column":4},"end":{"line":9,"column":41}},"1":{"start":{"line":10,"column":23},"end":{"line":10,"column":38}},"2":{"start":{"line":11,"column":16},"end":{"line":11,"column":32}},"3":{"start":{"line":12,"column":16},"end":{"line":12,"column":36}},"4":{"start":{"line":13,"column":16},"end":{"line":13,"column":42}},"5":{"start":{"line":14,"column":22},"end":{"line":14,"column":47}},"6":{"start":{"line":17,"column":23},"end":{"line":17,"column":27}},"7":{"start":{"line":19,"column":2},"end":{"line":26,"column":3}},"8":{"start":{"line":20,"column":4},"end":{"line":25,"column":7}},"9":{"start":{"line":27,"column":2},"end":{"line":27,"column":26}},"10":{"start":{"line":31,"column":25},"end":{"line":57,"column":1}},"11":{"start":{"line":61,"column":2},"end":{"line":61,"column":75}},"12":{"start":{"line":62,"column":2},"end":{"line":62,"column":45}},"13":{"start":{"line":62,"column":25},"end":{"line":62,"column":43}},"14":{"start":{"line":65,"column":14},"end":{"line":65,"column":109}},"15":{"start":{"line":65,"column":59},"end":{"line":65,"column":78}},"16":{"start":{"line":66,"column":17},"end":{"line":66,"column":38}},"17":{"start":{"line":68,"column":2},"end":{"line":74,"column":4}},"18":{"start":{"line":81,"column":19},"end":{"line":81,"column":41}},"19":{"start":{"line":83,"column":2},"end":{"line":111,"column":3}},"20":{"start":{"line":84,"column":38},"end":{"line":86,"column":5}},"21":{"start":{"line":88,"column":19},"end":{"line":88,"column":45}},"22":{"start":{"line":89,"column":4},"end":{"line":89,"column":57}},"23":{"start":{"line":91,"column":4},"end":{"line":104,"column":5}},"24":{"start":{"line":93,"column":19},"end":{"line":93,"column":51}},"25":{"start":{"line":94,"column":19},"end":{"line":94,"column":39}},"26":{"start":{"line":95,"column":22},"end":{"line":95,"column":39}},"27":{"start":{"line":96,"column":25},"end":{"line":96,"column":77}},"28":{"start":{"line":96,"column":54},"end":{"line":96,"column":66}},"29":{"start":{"line":97,"column":25},"end":{"line":102,"column":7}},"30":{"start":{"line":99,"column":23},"end":{"line":99,"column":54}},"31":{"start":{"line":100,"column":28},"end":{"line":100,"column":72}},"32":{"start":{"line":101,"column":34},"end":{"line":101,"column":65}},"33":{"start":{"line":103,"column":6},"end":{"line":103,"column":117}},"34":{"start":{"line":106,"column":4},"end":{"line":108,"column":5}},"35":{"start":{"line":107,"column":6},"end":{"line":107,"column":69}},"36":{"start":{"line":110,"column":4},"end":{"line":110,"column":54}},"37":{"start":{"line":110,"column":27},"end":{"line":110,"column":52}},"38":{"start":{"line":113,"column":2},"end":{"line":113,"column":73}},"39":{"start":{"line":122,"column":2},"end":{"line":122,"column":57}},"40":{"start":{"line":122,"column":25},"end":{"line":122,"column":57}},"41":{"start":{"line":124,"column":18},"end":{"line":124,"column":29}},"42":{"start":{"line":125,"column":18},"end":{"line":125,"column":49}},"43":{"start":{"line":126,"column":18},"end":{"line":126,"column":59}},"44":{"start":{"line":128,"column":2},"end":{"line":128,"column":61}},"45":{"start":{"line":130,"column":2},"end":{"line":145,"column":4}},"46":{"start":{"line":131,"column":10},"end":{"line":141,"column":7}},"47":{"start":{"line":147,"column":2},"end":{"line":147,"column":34}},"48":{"start":{"line":150,"column":0},"end":{"line":150,"column":37}}},"fnMap":{"0":{"name":"getClient","decl":{"start":{"line":18,"column":9},"end":{"line":18,"column":18}},"loc":{"start":{"line":18,"column":21},"end":{"line":28,"column":1}},"line":18},"1":{"name":"mockTranscribe","decl":{"start":{"line":60,"column":15},"end":{"line":60,"column":29}},"loc":{"start":{"line":60,"column":40},"end":{"line":75,"column":1}},"line":60},"2":{"name":"(anonymous_2)","decl":{"start":{"line":62,"column":20},"end":{"line":62,"column":21}},"loc":{"start":{"line":62,"column":25},"end":{"line":62,"column":43}},"line":62},"3":{"name":"(anonymous_3)","decl":{"start":{"line":65,"column":49},"end":{"line":65,"column":50}},"loc":{"start":{"line":65,"column":59},"end":{"line":65,"column":78}},"line":65},"4":{"name":"pollJob","decl":{"start":{"line":80,"column":15},"end":{"line":80,"column":22}},"loc":{"start":{"line":80,"column":81},"end":{"line":114,"column":1}},"line":80},"5":{"name":"(anonymous_5)","decl":{"start":{"line":96,"column":49},"end":{"line":96,"column":50}},"loc":{"start":{"line":96,"column":54},"end":{"line":96,"column":66}},"line":96},"6":{"name":"(anonymous_6)","decl":{"start":{"line":99,"column":18},"end":{"line":99,"column":19}},"loc":{"start":{"line":99,"column":23},"end":{"line":99,"column":54}},"line":99},"7":{"name":"(anonymous_7)","decl":{"start":{"line":100,"column":18},"end":{"line":100,"column":19}},"loc":{"start":{"line":100,"column":28},"end":{"line":100,"column":72}},"line":100},"8":{"name":"(anonymous_8)","decl":{"start":{"line":101,"column":29},"end":{"line":101,"column":30}},"loc":{"start":{"line":101,"column":34},"end":{"line":101,"column":65}},"line":101},"9":{"name":"(anonymous_9)","decl":{"start":{"line":110,"column":22},"end":{"line":110,"column":23}},"loc":{"start":{"line":110,"column":27},"end":{"line":110,"column":52}},"line":110},"10":{"name":"transcribeAudio","decl":{"start":{"line":121,"column":15},"end":{"line":121,"column":30}},"loc":{"start":{"line":121,"column":49},"end":{"line":148,"column":1}},"line":121},"11":{"name":"(anonymous_11)","decl":{"start":{"line":131,"column":4},"end":{"line":131,"column":5}},"loc":{"start":{"line":131,"column":10},"end":{"line":141,"column":7}},"line":131}},"branchMap":{"0":{"loc":{"start":{"line":19,"column":2},"end":{"line":26,"column":3}},"type":"if","locations":[{"start":{"line":19,"column":2},"end":{"line":26,"column":3}},{"start":{},"end":{}}],"line":19},"1":{"loc":{"start":{"line":22,"column":19},"end":{"line":24,"column":19}},"type":"cond-expr","locations":[{"start":{"line":23,"column":10},"end":{"line":23,"column":94}},{"start":{"line":24,"column":10},"end":{"line":24,"column":19}}],"line":22},"2":{"loc":{"start":{"line":80,"column":40},"end":{"line":80,"column":59}},"type":"default-arg","locations":[{"start":{"line":80,"column":52},"end":{"line":80,"column":59}}],"line":80},"3":{"loc":{"start":{"line":80,"column":61},"end":{"line":80,"column":79}},"type":"default-arg","locations":[{"start":{"line":80,"column":74},"end":{"line":80,"column":79}}],"line":80},"4":{"loc":{"start":{"line":91,"column":4},"end":{"line":104,"column":5}},"type":"if","locations":[{"start":{"line":91,"column":4},"end":{"line":104,"column":5}},{"start":{},"end":{}}],"line":91},"5":{"loc":{"start":{"line":98,"column":8},"end":{"line":101,"column":78}},"type":"binary-expr","locations":[{"start":{"line":98,"column":8},"end":{"line":101,"column":73}},{"start":{"line":101,"column":77},"end":{"line":101,"column":78}}],"line":98},"6":{"loc":{"start":{"line":106,"column":4},"end":{"line":108,"column":5}},"type":"if","locations":[{"start":{"line":106,"column":4},"end":{"line":108,"column":5}},{"start":{},"end":{}}],"line":106},"7":{"loc":{"start":{"line":122,"column":2},"end":{"line":122,"column":57}},"type":"if","locations":[{"start":{"line":122,"column":2},"end":{"line":122,"column":57}},{"start":{},"end":{}}],"line":122},"8":{"loc":{"start":{"line":134,"column":28},"end":{"line":134,"column":69}},"type":"cond-expr","locations":[{"start":{"line":134,"column":56},"end":{"line":134,"column":61}},{"start":{"line":134,"column":64},"end":{"line":134,"column":69}}],"line":134}},"s":{"0":0,"1":0,"2":0,"3":0,"4":0,"5":0,"6":0,"7":0,"8":0,"9":0,"10":0,"11":0,"12":0,"13":0,"14":0,"15":0,"16":0,"17":0,"18":0,"19":0,"20":0,"21":0,"22":0,"23":0,"24":0,"25":0,"26":0,"27":0,"28":0,"29":0,"30":0,"31":0,"32":0,"33":0,"34":0,"35":0,"36":0,"37":0,"38":0,"39":0,"40":0,"41":0,"42":0,"43":0,"44":0,"45":0,"46":0,"47":0,"48":0},"f":{"0":0,"1":0,"2":0,"3":0,"4":0,"5":0,"6":0,"7":0,"8":0,"9":0,"10":0,"11":0},"b":{"0":[0,0],"1":[0,0],"2":[0],"3":[0],"4":[0,0],"5":[0,0],"6":[0,0],"7":[0,0],"8":[0,0]}}
,"C:\\Users\\Shabeer Ahammed\\Downloads\\govai-project\\govai\\govai-backend\\src\\utils\\apiResponse.js": {"path":"C:\\Users\\Shabeer Ahammed\\Downloads\\govai-project\\govai\\govai-backend\\src\\utils\\apiResponse.js","statementMap":{"0":{"start":{"line":10,"column":4},"end":{"line":15,"column":7}},"1":{"start":{"line":22,"column":4},"end":{"line":27,"column":7}},"2":{"start":{"line":34,"column":4},"end":{"line":39,"column":7}},"3":{"start":{"line":46,"column":4},"end":{"line":50,"column":7}},"4":{"start":{"line":57,"column":20},"end":{"line":61,"column":5}},"5":{"start":{"line":63,"column":4},"end":{"line":65,"column":5}},"6":{"start":{"line":64,"column":6},"end":{"line":64,"column":49}},"7":{"start":{"line":66,"column":4},"end":{"line":66,"column":41}},"8":{"start":{"line":70,"column":0},"end":{"line":70,"column":29}}},"fnMap":{"0":{"name":"(anonymous_0)","decl":{"start":{"line":9,"column":2},"end":{"line":9,"column":3}},"loc":{"start":{"line":9,"column":54},"end":{"line":16,"column":3}},"line":9},"1":{"name":"(anonymous_1)","decl":{"start":{"line":21,"column":2},"end":{"line":21,"column":3}},"loc":{"start":{"line":21,"column":63},"end":{"line":28,"column":3}},"line":21},"2":{"name":"(anonymous_2)","decl":{"start":{"line":33,"column":2},"end":{"line":33,"column":3}},"loc":{"start":{"line":33,"column":66},"end":{"line":40,"column":3}},"line":33},"3":{"name":"(anonymous_3)","decl":{"start":{"line":45,"column":2},"end":{"line":45,"column":3}},"loc":{"start":{"line":45,"column":55},"end":{"line":51,"column":3}},"line":45},"4":{"name":"(anonymous_4)","decl":{"start":{"line":56,"column":2},"end":{"line":56,"column":3}},"loc":{"start":{"line":56,"column":67},"end":{"line":67,"column":3}},"line":56}},"branchMap":{"0":{"loc":{"start":{"line":9,"column":22},"end":{"line":9,"column":31}},"type":"default-arg","locations":[{"start":{"line":9,"column":29},"end":{"line":9,"column":31}}],"line":9},"1":{"loc":{"start":{"line":9,"column":33},"end":{"line":9,"column":52}},"type":"default-arg","locations":[{"start":{"line":9,"column":43},"end":{"line":9,"column":52}}],"line":9},"2":{"loc":{"start":{"line":21,"column":22},"end":{"line":21,"column":31}},"type":"default-arg","locations":[{"start":{"line":21,"column":29},"end":{"line":21,"column":31}}],"line":21},"3":{"loc":{"start":{"line":21,"column":33},"end":{"line":21,"column":61}},"type":"default-arg","locations":[{"start":{"line":21,"column":43},"end":{"line":21,"column":61}}],"line":21},"4":{"loc":{"start":{"line":33,"column":25},"end":{"line":33,"column":48}},"type":"default-arg","locations":[{"start":{"line":33,"column":35},"end":{"line":33,"column":48}}],"line":33},"5":{"loc":{"start":{"line":33,"column":50},"end":{"line":33,"column":64}},"type":"default-arg","locations":[{"start":{"line":33,"column":60},"end":{"line":33,"column":64}}],"line":33},"6":{"loc":{"start":{"line":45,"column":23},"end":{"line":45,"column":53}},"type":"default-arg","locations":[{"start":{"line":45,"column":33},"end":{"line":45,"column":53}}],"line":45},"7":{"loc":{"start":{"line":56,"column":20},"end":{"line":56,"column":53}},"type":"default-arg","locations":[{"start":{"line":56,"column":30},"end":{"line":56,"column":53}}],"line":56},"8":{"loc":{"start":{"line":56,"column":55},"end":{"line":56,"column":65}},"type":"default-arg","locations":[{"start":{"line":56,"column":61},"end":{"line":56,"column":65}}],"line":56},"9":{"loc":{"start":{"line":63,"column":4},"end":{"line":65,"column":5}},"type":"if","locations":[{"start":{"line":63,"column":4},"end":{"line":65,"column":5}},{"start":{},"end":{}}],"line":63},"10":{"loc":{"start":{"line":63,"column":8},"end":{"line":63,"column":52}},"type":"binary-expr","locations":[{"start":{"line":63,"column":8},"end":{"line":63,"column":11}},{"start":{"line":63,"column":15},"end":{"line":63,"column":52}}],"line":63},"11":{"loc":{"start":{"line":64,"column":22},"end":{"line":64,"column":48}},"type":"binary-expr","locations":[{"start":{"line":64,"column":22},"end":{"line":64,"column":33}},{"start":{"line":64,"column":37},"end":{"line":64,"column":48}}],"line":64}},"s":{"0":0,"1":0,"2":0,"3":0,"4":0,"5":0,"6":0,"7":0,"8":0},"f":{"0":0,"1":0,"2":0,"3":0,"4":0},"b":{"0":[0],"1":[0],"2":[0],"3":[0],"4":[0],"5":[0],"6":[0],"7":[0],"8":[0],"9":[0,0],"10":[0,0],"11":[0,0]}}
,"C:\\Users\\Shabeer Ahammed\\Downloads\\govai-project\\govai\\govai-backend\\src\\utils\\logger.js": {"path":"C:\\Users\\Shabeer Ahammed\\Downloads\\govai-project\\govai\\govai-backend\\src\\utils\\logger.js","statementMap":{"0":{"start":{"line":7,"column":45},"end":{"line":7,"column":63}},"1":{"start":{"line":8,"column":15},"end":{"line":8,"column":35}},"2":{"start":{"line":10,"column":63},"end":{"line":10,"column":69}},"3":{"start":{"line":13,"column":18},"end":{"line":21,"column":1}},"4":{"start":{"line":18,"column":18},"end":{"line":18,"column":76}},"5":{"start":{"line":19,"column":4},"end":{"line":19,"column":57}},"6":{"start":{"line":24,"column":19},"end":{"line":28,"column":1}},"7":{"start":{"line":30,"column":15},"end":{"line":40,"column":2}},"8":{"start":{"line":42,"column":0},"end":{"line":42,"column":24}}},"fnMap":{"0":{"name":"(anonymous_0)","decl":{"start":{"line":17,"column":9},"end":{"line":17,"column":10}},"loc":{"start":{"line":17,"column":53},"end":{"line":20,"column":3}},"line":17}},"branchMap":{"0":{"loc":{"start":{"line":18,"column":18},"end":{"line":18,"column":76}},"type":"cond-expr","locations":[{"start":{"line":18,"column":45},"end":{"line":18,"column":71}},{"start":{"line":18,"column":74},"end":{"line":18,"column":76}}],"line":18},"1":{"loc":{"start":{"line":31,"column":9},"end":{"line":31,"column":62}},"type":"cond-expr","locations":[{"start":{"line":31,"column":46},"end":{"line":31,"column":52}},{"start":{"line":31,"column":55},"end":{"line":31,"column":62}}],"line":31},"2":{"loc":{"start":{"line":32,"column":10},"end":{"line":32,"column":69}},"type":"cond-expr","locations":[{"start":{"line":32,"column":47},"end":{"line":32,"column":57}},{"start":{"line":32,"column":60},"end":{"line":32,"column":69}}],"line":32}},"s":{"0":2,"1":2,"2":2,"3":2,"4":19,"5":19,"6":2,"7":2,"8":2},"f":{"0":19},"b":{"0":[14,5],"1":[0,2],"2":[0,2]},"_coverageSchema":"1a1c01bbd47fc00a2c39e90264f33305004495a9","hash":"495ab55b43c16cf02e2f3e227722c95d75dbabce"}
,"C:\\Users\\Shabeer Ahammed\\Downloads\\govai-project\\govai\\govai-backend\\src\\utils\\retry.js": {"path":"C:\\Users\\Shabeer Ahammed\\Downloads\\govai-project\\govai\\govai-backend\\src\\utils\\retry.js","statementMap":{"0":{"start":{"line":5,"column":15},"end":{"line":5,"column":34}},"1":{"start":{"line":19,"column":2},"end":{"line":37,"column":3}},"2":{"start":{"line":19,"column":21},"end":{"line":19,"column":22}},"3":{"start":{"line":20,"column":4},"end":{"line":36,"column":5}},"4":{"start":{"line":21,"column":21},"end":{"line":21,"column":31}},"5":{"start":{"line":22,"column":6},"end":{"line":24,"column":7}},"6":{"start":{"line":23,"column":8},"end":{"line":23,"column":64}},"7":{"start":{"line":25,"column":6},"end":{"line":25,"column":20}},"8":{"start":{"line":27,"column":6},"end":{"line":27,"column":22}},"9":{"start":{"line":28,"column":19},"end":{"line":28,"column":53}},"10":{"start":{"line":29,"column":6},"end":{"line":31,"column":9}},"11":{"start":{"line":33,"column":6},"end":{"line":35,"column":7}},"12":{"start":{"line":34,"column":8},"end":{"line":34,"column":64}},"13":{"start":{"line":34,"column":37},"end":{"line":34,"column":62}},"14":{"start":{"line":39,"column":2},"end":{"line":39,"column":93}},"15":{"start":{"line":40,"column":2},"end":{"line":40,"column":18}},"16":{"start":{"line":43,"column":0},"end":{"line":43,"column":31}}},"fnMap":{"0":{"name":"withRetry","decl":{"start":{"line":16,"column":15},"end":{"line":16,"column":24}},"loc":{"start":{"line":16,"column":82},"end":{"line":41,"column":1}},"line":16},"1":{"name":"(anonymous_1)","decl":{"start":{"line":34,"column":26},"end":{"line":34,"column":27}},"loc":{"start":{"line":34,"column":37},"end":{"line":34,"column":62}},"line":34}},"branchMap":{"0":{"loc":{"start":{"line":16,"column":29},"end":{"line":16,"column":43}},"type":"default-arg","locations":[{"start":{"line":16,"column":42},"end":{"line":16,"column":43}}],"line":16},"1":{"loc":{"start":{"line":16,"column":45},"end":{"line":16,"column":59}},"type":"default-arg","locations":[{"start":{"line":16,"column":55},"end":{"line":16,"column":59}}],"line":16},"2":{"loc":{"start":{"line":16,"column":61},"end":{"line":16,"column":80}},"type":"default-arg","locations":[{"start":{"line":16,"column":69},"end":{"line":16,"column":80}}],"line":16},"3":{"loc":{"start":{"line":22,"column":6},"end":{"line":24,"column":7}},"type":"if","locations":[{"start":{"line":22,"column":6},"end":{"line":24,"column":7}},{"start":{},"end":{}}],"line":22},"4":{"loc":{"start":{"line":33,"column":6},"end":{"line":35,"column":7}},"type":"if","locations":[{"start":{"line":33,"column":6},"end":{"line":35,"column":7}},{"start":{},"end":{}}],"line":33}},"s":{"0":1,"1":0,"2":0,"3":0,"4":0,"5":0,"6":0,"7":0,"8":0,"9":0,"10":0,"11":0,"12":0,"13":0,"14":0,"15":0,"16":1},"f":{"0":0,"1":0},"b":{"0":[0],"1":[0],"2":[0],"3":[0,0],"4":[0,0]},"_coverageSchema":"1a1c01bbd47fc00a2c39e90264f33305004495a9","hash":"168a2ea85fead8a3146873db6b62afa903ba47aa"}
}
