TN:
SF:src\controllers\callsController.js
FN:16,uploadCall
FN:56,(anonymous_1)
FN:82,processCall
FN:100,(anonymous_3)
FN:124,getCallLogs
FN:165,getCallById
FNF:6
FNH:0
FNDA:0,uploadCall
FNDA:0,(anonymous_1)
FNDA:0,processCall
FNDA:0,(anonymous_3)
FNDA:0,getCallLogs
FNDA:0,getCallById
DA:4,0
DA:5,0
DA:6,0
DA:7,0
DA:8,0
DA:9,0
DA:17,0
DA:18,0
DA:19,0
DA:22,0
DA:23,0
DA:26,0
DA:33,0
DA:50,0
DA:53,0
DA:54,0
DA:56,0
DA:59,0
DA:70,0
DA:71,0
DA:83,0
DA:84,0
DA:85,0
DA:87,0
DA:88,0
DA:90,0
DA:91,0
DA:93,0
DA:94,0
DA:97,0
DA:100,0
DA:102,0
DA:109,0
DA:110,0
DA:125,0
DA:130,0
DA:132,0
DA:133,0
DA:134,0
DA:135,0
DA:137,0
DA:138,0
DA:139,0
DA:140,0
DA:146,0
DA:156,0
DA:157,0
DA:166,0
DA:167,0
DA:168,0
DA:169,0
DA:171,0
DA:175,0
LF:53
LH:0
BRDA:18,0,0,0
BRDA:18,0,1,0
BRDA:22,1,0,0
BRDA:22,2,0,0
BRDA:22,3,0,0
BRDA:53,4,0,0
BRDA:53,4,1,0
BRDA:65,5,0,0
BRDA:65,5,1,0
BRDA:85,6,0,0
BRDA:85,6,1,0
BRDA:88,7,0,0
BRDA:88,7,1,0
BRDA:90,8,0,0
BRDA:90,8,1,0
BRDA:93,9,0,0
BRDA:93,9,1,0
BRDA:128,10,0,0
BRDA:129,11,0,0
BRDA:133,12,0,0
BRDA:133,12,1,0
BRDA:134,13,0,0
BRDA:134,13,1,0
BRDA:135,14,0,0
BRDA:135,14,1,0
BRDA:168,15,0,0
BRDA:168,15,1,0
BRF:27
BRH:0
end_of_record
TN:
SF:src\controllers\deliveryController.js
FN:11,createOrder
FN:39,updateOrder
FN:59,getOrders
FNF:3
FNH:0
FNDA:0,createOrder
FNDA:0,updateOrder
FNDA:0,getOrders
DA:4,0
DA:5,0
DA:6,0
DA:7,0
DA:8,0
DA:12,0
DA:17,0
DA:19,0
DA:20,0
DA:21,0
DA:24,0
DA:30,0
DA:31,0
DA:33,0
DA:34,0
DA:40,0
DA:41,0
DA:42,0
DA:44,0
DA:50,0
DA:51,0
DA:53,0
DA:54,0
DA:60,0
DA:61,0
DA:62,0
DA:63,0
DA:64,0
DA:66,0
DA:67,0
DA:68,0
DA:69,0
DA:75,0
DA:80,0
DA:84,0
LF:35
LH:0
BRDA:14,0,0,0
BRDA:15,1,0,0
BRDA:16,2,0,0
BRDA:20,3,0,0
BRDA:20,3,1,0
BRDA:42,4,0,0
BRDA:42,4,1,0
BRDA:47,5,0,0
BRDA:47,5,1,0
BRDA:53,6,0,0
BRDA:53,6,1,0
BRDA:61,7,0,0
BRDA:61,8,0,0
BRDA:63,9,0,0
BRDA:63,9,1,0
BRDA:64,10,0,0
BRDA:64,10,1,0
BRF:17
BRH:0
end_of_record
TN:
SF:src\services\bedrockService.js
FN:16,getClient
FN:33,buildPrompt
FN:64,mockAnalyze
FN:66,(anonymous_3)
FN:110,realAnalyze
FN:126,(anonymous_5)
FN:161,analyzeTranscript
FNF:7
FNH:3
FNDA:0,getClient
FNDA:0,buildPrompt
FNDA:5,mockAnalyze
FNDA:5,(anonymous_3)
FNDA:0,realAnalyze
FNDA:0,(anonymous_5)
FNDA:6,analyzeTranscript
DA:9,1
DA:10,1
DA:11,1
DA:12,1
DA:15,1
DA:17,0
DA:18,0
DA:25,0
DA:34,0
DA:55,0
DA:57,0
DA:65,5
DA:66,5
DA:68,5
DA:70,5
DA:71,5
DA:72,5
DA:73,5
DA:74,5
DA:77,5
DA:78,1
DA:79,4
DA:80,1
DA:81,3
DA:82,0
DA:83,3
DA:84,0
DA:85,3
DA:86,1
DA:90,5
DA:91,5
DA:92,5
DA:93,5
DA:94,5
DA:96,5
DA:97,5
DA:98,5
DA:99,5
DA:100,5
DA:102,5
DA:106,5
DA:111,0
DA:112,0
DA:115,0
DA:125,0
DA:126,0
DA:138,0
DA:139,0
DA:140,0
DA:142,0
DA:145,0
DA:146,0
DA:147,0
DA:150,0
DA:151,0
DA:152,0
DA:162,6
DA:163,1
DA:166,5
DA:168,0
DA:169,0
DA:171,0
DA:172,0
DA:176,1
LF:64
LH:37
BRDA:17,0,0,0
BRDA:17,0,1,0
BRDA:20,1,0,0
BRDA:20,1,1,0
BRDA:77,2,0,1
BRDA:77,2,1,4
BRDA:77,3,0,5
BRDA:77,3,1,4
BRDA:77,3,2,4
BRDA:79,4,0,1
BRDA:79,4,1,3
BRDA:79,5,0,4
BRDA:79,5,1,3
BRDA:79,5,2,3
BRDA:81,6,0,0
BRDA:81,6,1,3
BRDA:81,7,0,3
BRDA:81,7,1,3
BRDA:81,7,2,3
BRDA:81,7,3,3
BRDA:83,8,0,0
BRDA:83,8,1,3
BRDA:83,9,0,3
BRDA:83,9,1,3
BRDA:85,10,0,1
BRDA:85,10,1,2
BRDA:85,11,0,3
BRDA:85,11,1,2
BRDA:85,11,2,2
BRDA:85,11,3,2
BRDA:96,12,0,4
BRDA:96,12,1,1
BRDA:97,13,0,1
BRDA:97,13,1,4
BRDA:98,14,0,1
BRDA:98,14,1,4
BRDA:99,15,0,1
BRDA:99,15,1,4
BRDA:100,16,0,0
BRDA:100,16,1,5
BRDA:103,17,0,4
BRDA:103,17,1,1
BRDA:140,18,0,0
BRDA:140,18,1,0
BRDA:151,19,0,0
BRDA:151,19,1,0
BRDA:162,20,0,1
BRDA:162,20,1,5
BRDA:162,21,0,6
BRDA:162,21,1,5
BRDA:166,22,0,5
BRDA:166,22,1,0
BRF:52
BRH:40
end_of_record
TN:
SF:src\services\deliveryService.js
FN:13,mockSend
FN:15,(anonymous_1)
FN:35,sendToDelivery
FN:64,(anonymous_3)
FN:115,updateDeliveryOrder
FNF:5
FNH:0
FNDA:0,mockSend
FNDA:0,(anonymous_1)
FNDA:0,sendToDelivery
FNDA:0,(anonymous_3)
FNDA:0,updateDeliveryOrder
DA:5,0
DA:6,0
DA:7,0
DA:8,0
DA:9,0
DA:10,0
DA:14,0
DA:15,0
DA:17,0
DA:39,0
DA:42,0
DA:60,0
DA:61,0
DA:63,0
DA:65,0
DA:69,0
DA:78,0
DA:79,0
DA:80,0
DA:102,0
DA:105,0
DA:108,0
DA:109,0
DA:116,0
DA:117,0
DA:119,0
DA:120,0
DA:121,0
DA:123,0
DA:124,0
DA:131,0
DA:132,0
DA:135,0
LF:33
LH:0
BRDA:37,0,0,0
BRDA:45,1,0,0
BRDA:45,1,1,0
BRDA:46,2,0,0
BRDA:46,2,1,0
BRDA:47,3,0,0
BRDA:47,3,1,0
BRDA:48,4,0,0
BRDA:48,4,1,0
BRDA:60,5,0,0
BRDA:60,5,1,0
BRDA:79,6,0,0
BRDA:79,6,1,0
BRDA:86,7,0,0
BRDA:86,7,1,0
BRDA:87,8,0,0
BRDA:87,8,1,0
BRDA:91,9,0,0
BRDA:91,9,1,0
BRDA:94,10,0,0
BRDA:94,10,1,0
BRDA:115,11,0,0
BRDA:117,12,0,0
BRDA:117,12,1,0
BRDA:123,13,0,0
BRDA:123,13,1,0
BRDA:123,14,0,0
BRDA:123,14,1,0
BRDA:127,15,0,0
BRDA:127,15,1,0
BRF:30
BRH:0
end_of_record
TN:
SF:src\services\governanceService.js
FN:57,checkConfidence
FN:72,checkOrderId
FN:87,checkAbuse
FN:89,(anonymous_3)
FN:100,checkLegalThreat
FN:102,(anonymous_5)
FN:111,checkIntent
FN:119,checkUrgency
FN:132,maskSensitiveData
FN:154,evaluateGovernance
FN:180,(anonymous_10)
FNF:11
FNH:11
FNDA:7,checkConfidence
FNDA:7,checkOrderId
FNDA:7,checkAbuse
FNDA:105,(anonymous_3)
FNDA:7,checkLegalThreat
FNDA:56,(anonymous_5)
FNDA:7,checkIntent
FNDA:7,checkUrgency
FNDA:11,maskSensitiveData
FNDA:7,evaluateGovernance
FNDA:7,(anonymous_10)
DA:15,1
DA:16,1
DA:19,1
DA:30,1
DA:37,1
DA:43,1
DA:58,7
DA:59,7
DA:61,7
DA:62,2
DA:63,2
DA:64,2
DA:65,2
DA:66,2
DA:68,5
DA:73,7
DA:74,7
DA:78,1
DA:79,1
DA:80,1
DA:81,1
DA:83,6
DA:88,7
DA:89,105
DA:90,7
DA:91,2
DA:92,2
DA:93,2
DA:94,2
DA:96,5
DA:101,7
DA:102,56
DA:103,7
DA:104,2
DA:105,2
DA:106,2
DA:112,7
DA:113,0
DA:114,0
DA:120,7
DA:121,4
DA:133,11
DA:134,11
DA:136,11
DA:137,44
DA:138,44
DA:139,44
DA:142,11
DA:155,7
DA:156,7
DA:157,7
DA:158,7
DA:161,7
DA:162,7
DA:163,7
DA:164,7
DA:165,7
DA:166,7
DA:169,7
DA:170,7
DA:173,7
DA:174,2
DA:175,5
DA:176,3
DA:180,7
DA:181,7
DA:183,7
DA:189,7
DA:197,7
DA:204,7
DA:207,1
LF:71
LH:69
BRDA:61,0,0,2
BRDA:61,0,1,5
BRDA:74,1,0,1
BRDA:74,1,1,6
BRDA:75,2,0,7
BRDA:75,2,1,3
BRDA:75,2,2,2
BRDA:90,3,0,2
BRDA:90,3,1,5
BRDA:103,4,0,2
BRDA:103,4,1,5
BRDA:112,5,0,0
BRDA:112,5,1,7
BRDA:112,6,0,7
BRDA:112,6,1,7
BRDA:120,7,0,4
BRDA:120,7,1,3
BRDA:139,8,0,5
BRDA:139,8,1,39
BRDA:154,9,0,0
BRDA:170,10,0,1
BRDA:170,10,1,6
BRDA:173,11,0,2
BRDA:173,11,1,5
BRDA:175,12,0,3
BRDA:175,12,1,2
BRDA:175,13,0,5
BRDA:175,13,1,4
BRDA:175,13,2,3
BRDA:183,14,0,2
BRDA:183,14,1,5
BRDA:185,15,0,3
BRDA:185,15,1,2
BRF:33
BRH:31
end_of_record
TN:
SF:src\services\pipelineService.js
FN:25,recordStage
FN:39,emit
FN:53,runPipeline
FNF:3
FNH:0
FNDA:0,recordStage
FNDA:0,emit
FNDA:0,runPipeline
DA:10,0
DA:11,0
DA:12,0
DA:13,0
DA:14,0
DA:15,0
DA:26,0
DA:33,0
DA:40,0
DA:41,0
DA:54,0
DA:55,0
DA:57,0
DA:58,0
DA:60,0
DA:61,0
DA:64,0
DA:66,0
DA:67,0
DA:68,0
DA:69,0
DA:70,0
DA:72,0
DA:73,0
DA:74,0
DA:75,0
DA:77,0
DA:78,0
DA:79,0
DA:81,0
DA:82,0
DA:83,0
DA:84,0
DA:85,0
DA:86,0
DA:87,0
DA:92,0
DA:94,0
DA:95,0
DA:96,0
DA:97,0
DA:99,0
DA:106,0
DA:107,0
DA:108,0
DA:110,0
DA:111,0
DA:112,0
DA:113,0
DA:114,0
DA:115,0
DA:120,0
DA:122,0
DA:123,0
DA:124,0
DA:125,0
DA:127,0
DA:134,0
DA:136,0
DA:140,0
DA:143,0
DA:144,0
DA:150,0
DA:151,0
DA:153,0
DA:155,0
DA:156,0
DA:157,0
DA:159,0
DA:160,0
DA:170,0
DA:177,0
DA:178,0
DA:180,0
DA:181,0
DA:182,0
DA:183,0
DA:189,0
DA:190,0
DA:191,0
DA:193,0
DA:200,0
DA:201,0
DA:204,0
LF:84
LH:0
BRDA:40,0,0,0
BRDA:40,0,1,0
BRDA:53,1,0,0
BRDA:55,2,0,0
BRDA:55,2,1,0
BRDA:153,3,0,0
BRDA:153,3,1,0
BRF:7
BRH:0
end_of_record
TN:
SF:src\services\s3Service.js
FN:15,getS3Client
FN:28,(anonymous_1)
FN:31,(anonymous_2)
FN:40,(anonymous_3)
FN:41,(anonymous_4)
FN:54,uploadAudio
FN:63,(anonymous_6)
FN:85,getPresignedUrl
FN:97,deleteObject
FN:105,(anonymous_9)
FNF:10
FNH:0
FNDA:0,getS3Client
FNDA:0,(anonymous_1)
FNDA:0,(anonymous_2)
FNDA:0,(anonymous_3)
FNDA:0,(anonymous_4)
FNDA:0,uploadAudio
FNDA:0,(anonymous_6)
FNDA:0,getPresignedUrl
FNDA:0,deleteObject
FNDA:0,(anonymous_9)
DA:5,0
DA:6,0
DA:7,0
DA:8,0
DA:9,0
DA:10,0
DA:13,0
DA:16,0
DA:17,0
DA:24,0
DA:28,0
DA:29,0
DA:30,0
DA:31,0
DA:32,0
DA:40,0
DA:41,0
DA:42,0
DA:55,0
DA:56,0
DA:59,0
DA:60,0
DA:62,0
DA:63,0
DA:75,0
DA:76,0
DA:77,0
DA:86,0
DA:88,0
DA:89,0
DA:90,0
DA:98,0
DA:99,0
DA:100,0
DA:103,0
DA:104,0
DA:105,0
DA:110,0
DA:113,0
LF:39
LH:0
BRDA:16,0,0,0
BRDA:16,0,1,0
BRDA:19,1,0,0
BRDA:19,1,1,0
BRDA:55,2,0,0
BRDA:55,2,1,0
BRDA:85,3,0,0
BRDA:86,4,0,0
BRDA:86,4,1,0
BRDA:98,5,0,0
BRDA:98,5,1,0
BRF:11
BRH:0
end_of_record
TN:
SF:src\services\transcribeService.js
FN:18,getClient
FN:60,mockTranscribe
FN:62,(anonymous_2)
FN:65,(anonymous_3)
FN:80,pollJob
FN:96,(anonymous_5)
FN:99,(anonymous_6)
FN:100,(anonymous_7)
FN:101,(anonymous_8)
FN:110,(anonymous_9)
FN:121,transcribeAudio
FN:131,(anonymous_11)
FNF:12
FNH:0
FNDA:0,getClient
FNDA:0,mockTranscribe
FNDA:0,(anonymous_2)
FNDA:0,(anonymous_3)
FNDA:0,pollJob
FNDA:0,(anonymous_5)
FNDA:0,(anonymous_6)
FNDA:0,(anonymous_7)
FNDA:0,(anonymous_8)
FNDA:0,(anonymous_9)
FNDA:0,transcribeAudio
FNDA:0,(anonymous_11)
DA:9,0
DA:10,0
DA:11,0
DA:12,0
DA:13,0
DA:14,0
DA:17,0
DA:19,0
DA:20,0
DA:27,0
DA:31,0
DA:61,0
DA:62,0
DA:65,0
DA:66,0
DA:68,0
DA:81,0
DA:83,0
DA:84,0
DA:88,0
DA:89,0
DA:91,0
DA:93,0
DA:94,0
DA:95,0
DA:96,0
DA:97,0
DA:99,0
DA:100,0
DA:101,0
DA:103,0
DA:106,0
DA:107,0
DA:110,0
DA:113,0
DA:122,0
DA:124,0
DA:125,0
DA:126,0
DA:128,0
DA:130,0
DA:131,0
DA:147,0
DA:150,0
LF:44
LH:0
BRDA:19,0,0,0
BRDA:19,0,1,0
BRDA:22,1,0,0
BRDA:22,1,1,0
BRDA:80,2,0,0
BRDA:80,3,0,0
BRDA:91,4,0,0
BRDA:91,4,1,0
BRDA:98,5,0,0
BRDA:98,5,1,0
BRDA:106,6,0,0
BRDA:106,6,1,0
BRDA:122,7,0,0
BRDA:122,7,1,0
BRDA:134,8,0,0
BRDA:134,8,1,0
BRF:16
BRH:0
end_of_record
TN:
SF:src\utils\apiResponse.js
FN:9,(anonymous_0)
FN:21,(anonymous_1)
FN:33,(anonymous_2)
FN:45,(anonymous_3)
FN:56,(anonymous_4)
FNF:5
FNH:0
FNDA:0,(anonymous_0)
FNDA:0,(anonymous_1)
FNDA:0,(anonymous_2)
FNDA:0,(anonymous_3)
FNDA:0,(anonymous_4)
DA:10,0
DA:22,0
DA:34,0
DA:46,0
DA:57,0
DA:63,0
DA:64,0
DA:66,0
DA:70,0
LF:9
LH:0
BRDA:9,0,0,0
BRDA:9,1,0,0
BRDA:21,2,0,0
BRDA:21,3,0,0
BRDA:33,4,0,0
BRDA:33,5,0,0
BRDA:45,6,0,0
BRDA:56,7,0,0
BRDA:56,8,0,0
BRDA:63,9,0,0
BRDA:63,9,1,0
BRDA:63,10,0,0
BRDA:63,10,1,0
BRDA:64,11,0,0
BRDA:64,11,1,0
BRF:15
BRH:0
end_of_record
TN:
SF:src\utils\logger.js
FN:17,(anonymous_0)
FNF:1
FNH:1
FNDA:19,(anonymous_0)
DA:7,2
DA:8,2
DA:10,2
DA:13,2
DA:18,19
DA:19,19
DA:24,2
DA:30,2
DA:42,2
LF:9
LH:9
BRDA:18,0,0,14
BRDA:18,0,1,5
BRDA:31,1,0,0
BRDA:31,1,1,2
BRDA:32,2,0,0
BRDA:32,2,1,2
BRF:6
BRH:4
end_of_record
TN:
SF:src\utils\retry.js
FN:16,withRetry
FN:34,(anonymous_1)
FNF:2
FNH:0
FNDA:0,withRetry
FNDA:0,(anonymous_1)
DA:5,1
DA:19,0
DA:20,0
DA:21,0
DA:22,0
DA:23,0
DA:25,0
DA:27,0
DA:28,0
DA:29,0
DA:33,0
DA:34,0
DA:39,0
DA:40,0
DA:43,1
LF:15
LH:2
BRDA:16,0,0,0
BRDA:16,1,0,0
BRDA:16,2,0,0
BRDA:22,3,0,0
BRDA:22,3,1,0
BRDA:33,4,0,0
BRDA:33,4,1,0
BRF:7
BRH:0
end_of_record
